SF:/home/patrice/CI/Projects/efibootguard/env/env_api.c
FN:30,str16to8
FN:45,str8to16
FN:60,ebg_beverbose
FN:65,ebg_env_create_new
FN:98,ebg_env_open_current
FN:109,ebg_env_get
FN:116,ebg_env_get_ex
FN:121,ebg_env_set
FN:129,ebg_env_set_ex
FN:134,ebg_env_user_free
FN:145,ebg_env_getglobalstate
FN:182,ebg_env_setglobalstate
FN:218,ebg_env_close
FN:244,ebg_env_register_gc_var
FN:267,ebg_env_finalize_update
FNDA:0,str16to8
FNDA:11,str8to16
FNDA:0,ebg_beverbose
FNDA:187,ebg_env_create_new
FNDA:0,ebg_env_open_current
FNDA:0,ebg_env_get
FNDA:0,ebg_env_get_ex
FNDA:276,ebg_env_set
FNDA:0,ebg_env_set_ex
FNDA:0,ebg_env_user_free
FNDA:0,ebg_env_getglobalstate
FNDA:0,ebg_env_setglobalstate
FNDA:186,ebg_env_close
FNDA:0,ebg_env_register_gc_var
FNDA:186,ebg_env_finalize_update
FNF:15
FNH:5
DA:30,0
DA:31,0
DA:32,0
DA:33,0
DA:34,0
DA:35,0
DA:36,0
DA:37,0
DA:38,0
DA:39,0
DA:40,0
DA:41,0
DA:42,0
DA:45,11
DA:46,11
DA:47,0
DA:48,0
DA:49,11
DA:50,152
DA:51,141
DA:52,141
DA:53,141
DA:54,141
DA:55,11
DA:56,11
DA:57,11
DA:60,0
DA:61,0
DA:62,0
DA:65,187
DA:66,187
DA:67,0
DA:68,0
DA:70,187
DA:71,187
DA:72,0
DA:73,0
DA:75,187
DA:77,187
DA:78,187
DA:79,187
DA:80,0
DA:81,0
DA:82,0
DA:83,187
DA:84,187
DA:85,187
DA:86,187
DA:87,187
DA:88,187
DA:89,187
DA:90,187
DA:91,0
DA:92,0
DA:94,187
DA:95,187
DA:98,0
DA:99,0
DA:100,0
DA:101,0
DA:103,0
DA:105,0
DA:106,0
DA:109,0
DA:110,0
DA:111,0
DA:112,0
DA:116,0
DA:117,0
DA:118,0
DA:121,276
DA:122,276
DA:123,276
DA:124,276
DA:125,276
DA:129,0
DA:130,0
DA:131,0
DA:134,0
DA:135,0
DA:136,0
DA:137,0
DA:138,0
DA:139,0
DA:140,0
DA:141,0
DA:142,0
DA:145,0
DA:146,0
DA:147,0
DA:150,0
DA:151,0
DA:153,0
DA:154,0
DA:155,0
DA:159,0
DA:160,0
DA:161,0
DA:162,0
DA:163,0
DA:164,0
DA:165,0
DA:166,0
DA:167,0
DA:169,0
DA:170,0
DA:171,0
DA:172,0
DA:173,0
DA:175,0
DA:176,0
DA:178,0
DA:179,0
DA:182,0
DA:183,0
DA:184,0
DA:186,0
DA:187,0
DA:188,0
DA:189,0
DA:190,0
DA:191,0
DA:193,0
DA:194,0
DA:195,0
DA:197,0
DA:198,0
DA:200,0
DA:201,0
DA:202,0
DA:203,0
DA:204,0
DA:205,0
DA:206,0
DA:207,0
DA:208,0
DA:209,0
DA:210,0
DA:211,0
DA:212,0
DA:213,0
DA:214,0
DA:215,0
DA:218,186
DA:219,186
DA:222,186
DA:223,0
DA:224,0
DA:226,186
DA:227,186
DA:230,186
DA:231,186
DA:232,186
DA:234,186
DA:235,0
DA:236,0
DA:237,186
DA:238,186
DA:239,186
DA:240,186
DA:241,186
DA:244,0
DA:245,0
DA:246,0
DA:248,0
DA:249,0
DA:250,0
DA:251,0
DA:252,0
DA:253,0
DA:254,0
DA:255,0
DA:256,0
DA:257,0
DA:258,0
DA:259,0
DA:260,0
DA:261,0
DA:262,0
DA:263,0
DA:264,0
DA:267,186
DA:268,186
DA:269,0
DA:270,0
DA:272,186
DA:273,186
DA:275,186
DA:276,186
DA:277,186
DA:278,0
DA:279,0
DA:280,0
DA:281,0
DA:282,0
DA:283,0
DA:284,0
DA:285,0
DA:286,0
DA:287,0
DA:289,186
DA:290,186
DA:291,186
DA:292,186
BRDA:31,0,0,-
BRDA:31,0,1,-
BRDA:31,1,2,-
BRDA:31,1,3,-
BRDA:35,0,0,-
BRDA:35,0,1,-
BRDA:46,0,0,0
BRDA:46,0,1,11
BRDA:46,1,2,0
BRDA:46,1,3,11
BRDA:50,0,0,141
BRDA:50,0,1,11
BRDA:66,0,0,0
BRDA:66,0,1,187
BRDA:71,0,0,0
BRDA:71,0,1,187
BRDA:77,0,0,187
BRDA:77,0,1,0
BRDA:79,0,0,0
BRDA:79,0,1,187
BRDA:99,0,0,-
BRDA:99,0,1,-
BRDA:105,0,0,-
BRDA:105,0,1,-
BRDA:135,0,0,-
BRDA:135,0,1,-
BRDA:138,0,0,-
BRDA:138,0,1,-
BRDA:150,0,0,-
BRDA:150,0,1,-
BRDA:153,0,0,-
BRDA:153,0,1,-
BRDA:159,0,0,-
BRDA:159,0,1,-
BRDA:160,0,0,-
BRDA:160,0,1,-
BRDA:164,0,0,-
BRDA:164,0,1,-
BRDA:170,0,0,-
BRDA:170,0,1,-
BRDA:186,0,0,-
BRDA:186,0,1,-
BRDA:193,0,0,-
BRDA:193,0,1,-
BRDA:197,0,0,-
BRDA:197,0,1,-
BRDA:200,0,0,-
BRDA:200,0,1,-
BRDA:203,0,0,-
BRDA:203,0,1,-
BRDA:207,0,0,-
BRDA:207,0,1,-
BRDA:222,0,0,0
BRDA:222,0,1,186
BRDA:234,0,0,0
BRDA:234,0,1,186
BRDA:248,0,0,-
BRDA:248,0,1,-
BRDA:251,0,0,-
BRDA:251,0,1,-
BRDA:255,0,0,-
BRDA:255,0,1,-
BRDA:258,0,0,-
BRDA:258,0,1,-
BRDA:268,0,0,0
BRDA:268,0,1,186
BRDA:268,1,2,0
BRDA:268,1,3,186
BRDA:277,0,0,0
BRDA:277,0,1,186
BRDA:280,0,0,-
BRDA:280,0,1,-
BRF:72
BRH:13
LF:204
LH:59
end_of_record
SF:/home/patrice/CI/Projects/efibootguard/env/env_api_fat.c
FN:26,bgenv_str2enum
FN:49,bgenv_be_verbose
FN:55,read_env
FN:96,write_env
FN:139,bgenv_init
FN:165,bgenv_finalize
FN:179,bgenv_open_by_index
FN:195,bgenv_open_oldest
FN:209,bgenv_open_latest
FN:223,bgenv_write
FN:245,bgenv_read
FN:259,bgenv_close
FN:295,bgenv_get
FN:370,bgenv_set
FN:429,bgenv_create_new
FN:281,env_api_fat.c:bgenv_get_string
FN:265,env_api_fat.c:bgenv_get_uint
FN:352,env_api_fat.c:bgenv_convert_to_long
FNDA:276,bgenv_str2enum
FNDA:0,bgenv_be_verbose
FNDA:1496,read_env
FNDA:186,write_env
FNDA:187,bgenv_init
FNDA:186,bgenv_finalize
FNDA:561,bgenv_open_by_index
FNDA:187,bgenv_open_oldest
FNDA:374,bgenv_open_latest
FNDA:186,bgenv_write
FNDA:0,bgenv_read
FNDA:560,bgenv_close
FNDA:0,bgenv_get
FNDA:276,bgenv_set
FNDA:187,bgenv_create_new
FNDA:0,env_api_fat.c:bgenv_get_string
FNDA:0,env_api_fat.c:bgenv_get_uint
FNDA:1,env_api_fat.c:bgenv_convert_to_long
FNF:18
FNH:13
DA:26,276
DA:27,276
DA:28,0
DA:29,0
DA:30,276
DA:31,11
DA:32,11
DA:33,265
DA:34,0
DA:35,0
DA:36,265
DA:37,0
DA:38,0
DA:39,265
DA:40,1
DA:41,1
DA:42,264
DA:43,0
DA:44,0
DA:45,264
DA:46,264
DA:49,0
DA:50,0
DA:51,0
DA:52,0
DA:55,1496
DA:56,1496
DA:57,0
DA:58,0
DA:59,1496
DA:61,1496
DA:62,0
DA:63,0
DA:64,1496
DA:65,0
DA:66,0
DA:67,0
DA:68,1496
DA:69,1496
DA:70,1496
DA:71,0
DA:72,0
DA:73,1496
DA:74,1496
DA:75,1496
DA:76,1496
DA:77,1496
DA:78,1496
DA:79,1496
DA:80,1496
DA:81,1496
DA:82,1496
DA:83,0
DA:84,0
DA:85,0
DA:86,1496
DA:87,1496
DA:88,1496
DA:90,1496
DA:91,1496
DA:92,1496
DA:93,1496
DA:96,186
DA:97,186
DA:98,0
DA:99,0
DA:100,186
DA:102,186
DA:103,0
DA:104,0
DA:105,186
DA:106,0
DA:107,0
DA:108,0
DA:109,186
DA:110,186
DA:111,186
DA:112,0
DA:113,0
DA:114,0
DA:115,186
DA:116,186
DA:117,0
DA:118,0
DA:119,0
DA:120,0
DA:121,186
DA:122,0
DA:123,0
DA:124,0
DA:125,0
DA:126,186
DA:127,186
DA:128,186
DA:129,186
DA:130,186
DA:139,187
DA:140,187
DA:141,0
DA:142,0
DA:144,187
DA:145,0
DA:146,0
DA:147,0
DA:148,1683
DA:149,1496
DA:150,1496
DA:151,1496
DA:152,1496
DA:153,0
DA:155,0
DA:156,0
DA:157,0
DA:158,0
DA:159,1496
DA:160,187
DA:161,187
DA:162,187
DA:165,186
DA:166,186
DA:167,0
DA:168,0
DA:169,1674
DA:170,1488
DA:171,1488
DA:172,1488
DA:173,1488
DA:174,1488
DA:175,186
DA:176,186
DA:179,561
DA:180,561
DA:183,561
DA:184,0
DA:185,0
DA:186,561
DA:187,0
DA:188,0
DA:189,561
DA:190,561
DA:191,561
DA:192,561
DA:195,187
DA:196,187
DA:197,187
DA:199,1683
DA:200,1496
DA:201,350
DA:202,350
DA:203,350
DA:204,1496
DA:205,187
DA:206,187
DA:209,374
DA:210,374
DA:211,374
DA:213,3366
DA:214,2992
DA:215,1638
DA:216,1638
DA:217,1638
DA:218,2992
DA:219,374
DA:220,374
DA:223,186
DA:224,186
DA:226,186
DA:227,0
DA:228,0
DA:229,186
DA:230,186
DA:231,0
DA:232,0
DA:233,0
DA:234,0
DA:235,0
DA:236,186
DA:237,0
DA:238,0
DA:239,0
DA:240,0
DA:241,186
DA:242,186
DA:245,0
DA:246,0
DA:247,0
DA:248,0
DA:249,0
DA:250,0
DA:259,560
DA:260,560
DA:261,560
DA:265,0
DA:266,0
DA:268,0
DA:269,0
DA:270,0
DA:271,0
DA:272,0
DA:273,0
DA:274,0
DA:275,0
DA:276,0
DA:277,0
DA:281,0
DA:282,0
DA:283,0
DA:284,0
DA:285,0
DA:286,0
DA:287,0
DA:288,0
DA:289,0
DA:290,0
DA:291,0
DA:295,0
DA:296,0
DA:297,0
DA:299,0
DA:300,0
DA:301,0
DA:302,0
DA:303,0
DA:304,0
DA:305,0
DA:306,0
DA:307,0
DA:308,0
DA:309,0
DA:310,0
DA:311,0
DA:312,0
DA:313,0
DA:314,0
DA:315,0
DA:316,0
DA:317,0
DA:318,0
DA:319,0
DA:320,0
DA:321,0
DA:322,0
DA:323,0
DA:324,0
DA:325,0
DA:326,0
DA:327,0
DA:328,0
DA:329,0
DA:330,0
DA:331,0
DA:332,0
DA:333,0
DA:334,0
DA:335,0
DA:336,0
DA:337,0
DA:338,0
DA:339,0
DA:340,0
DA:341,0
DA:342,0
DA:343,0
DA:344,0
DA:345,0
DA:346,0
DA:347,0
DA:348,0
DA:349,0
DA:352,1
DA:353,1
DA:354,1
DA:356,1
DA:357,1
DA:358,1
DA:359,1
DA:360,0
DA:361,0
DA:362,1
DA:363,1
DA:364,1
DA:365,0
DA:366,1
DA:370,276
DA:371,276
DA:372,276
DA:373,276
DA:375,276
DA:376,0
DA:377,0
DA:379,276
DA:380,276
DA:381,0
DA:382,0
DA:383,276
DA:384,264
DA:385,264
DA:386,264
DA:387,12
DA:388,0
DA:389,0
DA:390,0
DA:391,0
DA:392,0
DA:393,0
DA:394,0
DA:395,0
DA:396,0
DA:397,0
DA:398,11
DA:399,11
DA:400,11
DA:401,0
DA:402,0
DA:403,0
DA:404,0
DA:405,0
DA:406,0
DA:407,0
DA:408,1
DA:409,1
DA:410,1
DA:411,1
DA:412,1
DA:413,0
DA:414,0
DA:415,0
DA:416,0
DA:417,0
DA:418,0
DA:419,0
DA:420,0
DA:421,0
DA:422,0
DA:423,0
DA:424,12
DA:425,11
DA:426,12
DA:429,187
DA:430,187
DA:431,187
DA:433,187
DA:434,187
DA:435,0
DA:436,0
DA:438,187
DA:440,187
DA:441,187
DA:442,0
DA:443,0
DA:444,0
DA:446,187
DA:448,185
DA:450,185
DA:451,185
DA:452,187
DA:454,187
DA:455,187
DA:457,187
DA:459,0
DA:460,0
DA:461,0
DA:462,187
BRDA:27,0,0,0
BRDA:27,0,1,276
BRDA:30,0,0,11
BRDA:30,0,1,265
BRDA:33,0,0,0
BRDA:33,0,1,265
BRDA:36,0,0,0
BRDA:36,0,1,265
BRDA:39,0,0,1
BRDA:39,0,1,264
BRDA:42,0,0,0
BRDA:42,0,1,264
BRDA:56,0,0,0
BRDA:56,0,1,1496
BRDA:59,0,0,1496
BRDA:59,0,1,0
BRDA:61,0,0,0
BRDA:61,0,1,1496
BRDA:65,0,0,-
BRDA:65,0,1,-
BRDA:70,0,0,0
BRDA:70,0,1,1496
BRDA:74,0,0,1496
BRDA:74,0,1,0
BRDA:75,0,0,0
BRDA:75,0,1,1496
BRDA:77,0,0,1496
BRDA:77,0,1,0
BRDA:78,0,0,0
BRDA:78,0,1,1496
BRDA:82,0,0,0
BRDA:82,0,1,1496
BRDA:83,0,0,-
BRDA:83,0,1,-
BRDA:86,0,0,1496
BRDA:86,0,1,0
BRDA:97,0,0,0
BRDA:97,0,1,186
BRDA:100,0,0,186
BRDA:100,0,1,0
BRDA:102,0,0,0
BRDA:102,0,1,186
BRDA:106,0,0,-
BRDA:106,0,1,-
BRDA:111,0,0,0
BRDA:111,0,1,186
BRDA:112,0,0,-
BRDA:112,0,1,-
BRDA:116,0,0,0
BRDA:116,0,1,186
BRDA:117,0,0,-
BRDA:117,0,1,-
BRDA:121,0,0,0
BRDA:121,0,1,186
BRDA:122,0,0,-
BRDA:122,0,1,-
BRDA:126,0,0,186
BRDA:126,0,1,0
BRDA:140,0,0,0
BRDA:140,0,1,187
BRDA:144,0,0,0
BRDA:144,0,1,187
BRDA:145,0,0,-
BRDA:145,0,1,-
BRDA:148,0,0,1496
BRDA:148,0,1,187
BRDA:152,0,0,0
BRDA:152,0,1,1496
BRDA:153,0,0,-
BRDA:153,0,1,-
BRDA:166,0,0,0
BRDA:166,0,1,186
BRDA:169,0,0,1488
BRDA:169,0,1,186
BRDA:183,0,0,0
BRDA:183,0,1,561
BRDA:186,0,0,0
BRDA:186,0,1,561
BRDA:199,0,0,1496
BRDA:199,0,1,187
BRDA:200,0,0,350
BRDA:200,0,1,1146
BRDA:213,0,0,2992
BRDA:213,0,1,374
BRDA:214,0,0,1638
BRDA:214,0,1,1354
BRDA:226,0,0,0
BRDA:226,0,1,186
BRDA:230,0,0,0
BRDA:230,0,1,186
BRDA:231,0,0,-
BRDA:231,0,1,-
BRDA:236,0,0,0
BRDA:236,0,1,186
BRDA:237,0,0,-
BRDA:237,0,1,-
BRDA:246,0,0,-
BRDA:246,0,1,-
BRDA:269,0,0,-
BRDA:269,0,1,-
BRDA:273,0,0,-
BRDA:273,0,1,-
BRDA:283,0,0,-
BRDA:283,0,1,-
BRDA:287,0,0,-
BRDA:287,0,1,-
BRDA:299,0,0,-
BRDA:299,0,1,-
BRDA:299,1,2,-
BRDA:299,1,3,-
BRDA:303,0,0,-
BRDA:303,0,1,-
BRDA:306,0,0,-
BRDA:306,0,1,-
BRDA:307,0,0,-
BRDA:307,0,1,-
BRDA:311,0,0,-
BRDA:311,0,1,-
BRDA:321,0,0,-
BRDA:321,0,1,-
BRDA:324,0,0,-
BRDA:324,0,1,-
BRDA:327,0,0,-
BRDA:327,0,1,-
BRDA:331,0,0,-
BRDA:331,0,1,-
BRDA:335,0,0,-
BRDA:335,0,1,-
BRDA:339,0,0,-
BRDA:339,0,1,-
BRDA:343,0,0,-
BRDA:343,0,1,-
BRDA:344,0,0,-
BRDA:344,0,1,-
BRDA:358,0,0,0
BRDA:358,0,1,1
BRDA:358,1,2,-
BRDA:358,1,3,-
BRDA:358,2,4,-
BRDA:358,2,5,-
BRDA:359,0,0,0
BRDA:359,0,1,1
BRDA:359,1,2,-
BRDA:359,1,3,-
BRDA:362,0,0,1
BRDA:362,0,1,0
BRDA:375,0,0,0
BRDA:375,0,1,276
BRDA:375,1,2,0
BRDA:375,1,3,276
BRDA:375,2,4,0
BRDA:375,2,5,276
BRDA:380,0,0,0
BRDA:380,0,1,276
BRDA:383,0,0,264
BRDA:383,0,1,12
BRDA:388,0,0,0
BRDA:388,0,1,12
BRDA:390,0,0,-
BRDA:390,0,1,-
BRDA:395,0,0,0
BRDA:395,0,1,12
BRDA:398,0,0,11
BRDA:398,0,1,1
BRDA:401,0,0,0
BRDA:401,0,1,12
BRDA:403,0,0,-
BRDA:403,0,1,-
BRDA:408,0,0,1
BRDA:408,0,1,11
BRDA:410,0,0,1
BRDA:410,0,1,0
BRDA:415,0,0,0
BRDA:415,0,1,12
BRDA:417,0,0,-
BRDA:417,0,1,-
BRDA:422,0,0,0
BRDA:422,0,1,12
BRDA:434,0,0,0
BRDA:434,0,1,187
BRDA:441,0,0,0
BRDA:441,0,1,187
BRDA:446,0,0,185
BRDA:446,0,1,2
BRF:184
BRH:69
LF:363
LH:168
end_of_record
SF:/home/patrice/CI/Projects/efibootguard/env/env_config_file.c
FN:22,open_config_file
FN:33,open_config_file_from_part
FN:53,close_config_file
FN:61,probe_config_file
FNDA:0,open_config_file
FNDA:3178,open_config_file_from_part
FNDA:1682,close_config_file
FNDA:1496,probe_config_file
FNF:4
FNH:3
DA:22,0
DA:23,0
DA:24,0
DA:25,0
DA:26,0
DA:27,0
DA:28,0
DA:29,0
DA:30,0
DA:33,3178
DA:34,3178
DA:36,3178
DA:37,0
DA:38,0
DA:39,3178
DA:40,3178
DA:41,3178
DA:42,0
DA:43,0
DA:44,3178
DA:45,3178
DA:46,3178
DA:47,3178
DA:48,3178
DA:49,3178
DA:50,3178
DA:53,1682
DA:54,1682
DA:55,1682
DA:56,1682
DA:57,0
DA:58,1682
DA:61,1496
DA:62,1496
DA:63,1496
DA:64,0
DA:65,0
DA:66,1496
DA:67,1496
DA:69,1496
DA:70,1496
DA:71,1496
DA:72,1496
DA:73,0
DA:74,0
DA:75,1496
DA:76,1496
DA:77,0
DA:78,0
DA:80,1496
DA:83,1496
DA:84,1496
DA:85,1496
DA:86,1496
DA:87,1496
DA:88,0
DA:89,0
DA:90,0
DA:91,1496
DA:92,1496
DA:93,1496
DA:94,0
DA:95,0
DA:96,0
DA:97,0
DA:98,1496
DA:99,1496
DA:100,1496
DA:101,1496
DA:102,1496
DA:103,1496
DA:104,0
DA:105,1496
BRDA:23,0,0,-
BRDA:23,0,1,-
BRDA:25,0,0,-
BRDA:25,0,1,-
BRDA:36,0,0,0
BRDA:36,0,1,3178
BRDA:36,1,2,0
BRDA:36,1,3,3178
BRDA:41,0,0,0
BRDA:41,0,1,3178
BRDA:54,0,0,1682
BRDA:54,0,1,0
BRDA:63,0,0,0
BRDA:63,0,1,1496
BRDA:67,0,0,1496
BRDA:67,0,1,0
BRDA:70,0,0,0
BRDA:70,0,1,1496
BRDA:72,0,0,0
BRDA:72,0,1,1496
BRDA:80,0,0,1496
BRDA:80,0,1,0
BRDA:83,0,0,0
BRDA:83,0,1,1496
BRDA:87,0,0,0
BRDA:87,0,1,1496
BRDA:93,0,0,0
BRDA:93,0,1,1496
BRDA:94,0,0,-
BRDA:94,0,1,-
BRDA:99,0,0,1496
BRDA:99,0,1,0
BRF:32
BRH:13
LF:73
LH:45
end_of_record
SF:/home/patrice/CI/Projects/efibootguard/env/env_config_partitions.c
FN:21,probe_config_partitions
FNDA:187,probe_config_partitions
FNF:1
FNH:1
DA:21,187
DA:22,187
DA:23,187
DA:24,187
DA:26,187
DA:27,0
DA:28,0
DA:30,187
DA:32,1247
DA:33,1060
DA:34,1060
DA:35,1060
DA:36,0
DA:37,0
DA:38,1060
DA:39,2556
DA:40,1496
DA:41,1496
DA:42,1496
DA:43,1496
DA:44,0
DA:45,0
DA:46,0
DA:47,1496
DA:48,1496
DA:49,1496
DA:50,24
DA:51,24
DA:52,1472
DA:53,1472
DA:54,1472
DA:55,1472
DA:57,1496
DA:58,1496
DA:59,0
DA:60,0
DA:61,0
DA:62,1496
DA:63,1496
DA:64,1496
DA:65,1496
DA:66,1496
DA:67,0
DA:68,0
DA:69,0
DA:70,0
DA:71,0
DA:72,0
DA:73,0
DA:74,0
DA:75,1496
DA:76,1496
DA:77,1496
DA:78,1496
DA:79,1060
DA:80,187
DA:81,0
DA:82,0
DA:83,0
DA:84,0
DA:85,0
DA:86,187
DA:87,187
BRDA:26,0,0,0
BRDA:26,0,1,187
BRDA:32,0,0,1060
BRDA:32,0,1,187
BRDA:35,0,0,0
BRDA:35,0,1,1060
BRDA:39,0,0,1496
BRDA:39,0,1,1060
BRDA:40,0,0,0
BRDA:40,0,1,1496
BRDA:40,1,2,0
BRDA:40,1,3,1496
BRDA:41,0,0,0
BRDA:41,0,1,1496
BRDA:42,0,0,-
BRDA:42,0,1,-
BRDA:43,0,0,-
BRDA:43,0,1,-
BRDA:47,0,0,8
BRDA:47,0,1,1488
BRDA:48,0,0,8
BRDA:48,0,1,1480
BRDA:49,0,0,8
BRDA:49,0,1,1472
BRDA:58,0,0,0
BRDA:58,0,1,1496
BRDA:59,0,0,-
BRDA:59,0,1,-
BRDA:62,0,0,1496
BRDA:62,0,1,0
BRDA:64,0,0,1496
BRDA:64,0,1,0
BRDA:68,0,0,-
BRDA:68,0,1,-
BRDA:80,0,0,0
BRDA:80,0,1,187
BRDA:81,0,0,-
BRDA:81,0,1,-
BRF:38
BRH:19
LF:63
LH:40
end_of_record
SF:/home/patrice/CI/Projects/efibootguard/env/env_disk_utils.c
FN:24,get_mountpoint
FN:47,mount_partition
FN:79,unmount_partition
FNDA:1496,get_mountpoint
FNDA:0,mount_partition
FNDA:0,unmount_partition
FNF:3
FNH:1
DA:24,1496
DA:25,1496
DA:26,1496
DA:27,1496
DA:29,1496
DA:30,1496
DA:31,0
DA:32,0
DA:34,67320
DA:35,65824
DA:36,65824
DA:37,0
DA:38,0
DA:39,0
DA:40,65824
DA:41,1496
DA:43,1496
DA:44,1496
DA:47,0
DA:48,0
DA:49,0
DA:50,0
DA:51,0
DA:52,0
DA:53,0
DA:54,0
DA:55,0
DA:56,0
DA:57,0
DA:58,0
DA:59,0
DA:60,0
DA:61,0
DA:62,0
DA:63,0
DA:64,0
DA:65,0
DA:66,0
DA:67,0
DA:68,0
DA:69,0
DA:70,0
DA:71,0
DA:72,0
DA:73,0
DA:74,0
DA:75,0
DA:76,0
DA:79,0
DA:80,0
DA:81,0
DA:82,0
DA:83,0
DA:84,0
DA:85,0
DA:86,0
DA:87,0
DA:88,0
DA:89,0
DA:90,0
DA:91,0
DA:92,0
DA:93,0
DA:94,0
DA:95,0
DA:96,0
BRDA:30,0,0,0
BRDA:30,0,1,1496
BRDA:34,0,0,65824
BRDA:34,0,1,1496
BRDA:35,0,0,65824
BRDA:35,0,1,0
BRDA:36,0,0,0
BRDA:36,0,1,65824
BRDA:51,0,0,-
BRDA:51,0,1,-
BRDA:54,0,0,-
BRDA:54,0,1,-
BRDA:57,0,0,-
BRDA:57,0,1,-
BRDA:58,0,0,-
BRDA:58,0,1,-
BRDA:61,0,0,-
BRDA:61,0,1,-
BRDA:62,0,0,-
BRDA:62,0,1,-
BRDA:63,0,0,-
BRDA:63,0,1,-
BRDA:64,0,0,-
BRDA:64,0,1,-
BRDA:70,0,0,-
BRDA:70,0,1,-
BRDA:71,0,0,-
BRDA:71,0,1,-
BRDA:80,0,0,-
BRDA:80,0,1,-
BRDA:83,0,0,-
BRDA:83,0,1,-
BRDA:86,0,0,-
BRDA:86,0,1,-
BRDA:87,0,0,-
BRDA:87,0,1,-
BRDA:90,0,0,-
BRDA:90,0,1,-
BRDA:91,0,0,-
BRDA:91,0,1,-
BRF:40
BRH:5
LF:66
LH:13
end_of_record
SF:/home/patrice/CI/Projects/efibootguard/env/uservars.c
FN:21,bgenv_map_uservar
FN:77,bgenv_serialize_uservar
FN:100,bgenv_get_uservar
FN:129,bgenv_set_uservar
FN:161,bgenv_find_uservar
FN:179,bgenv_next_uservar
FN:188,bgenv_uservar_alloc
FN:212,bgenv_uservar_realloc
FN:238,bgenv_del_uservar
FN:258,bgenv_user_free
FNDA:1345,bgenv_map_uservar
FNDA:89,bgenv_serialize_uservar
FNDA:0,bgenv_get_uservar
FNDA:264,bgenv_set_uservar
FNDA:264,bgenv_find_uservar
FNDA:666,bgenv_next_uservar
FNDA:258,bgenv_uservar_alloc
FNDA:5,bgenv_uservar_realloc
FNDA:3,bgenv_del_uservar
FNDA:264,bgenv_user_free
FNF:10
FNH:9
DA:21,1345
DA:38,1345
DA:39,1345
DA:40,1345
DA:41,1345
DA:44,1345
DA:45,1345
DA:46,335
DA:47,335
DA:50,1345
DA:53,1345
DA:54,1010
DA:55,1010
DA:58,1345
DA:59,1345
DA:60,0
DA:61,0
DA:64,1345
DA:65,0
DA:66,0
DA:67,0
DA:69,1345
DA:70,1345
DA:71,0
DA:72,0
DA:73,1345
DA:77,89
DA:78,89
DA:81,89
DA:82,89
DA:85,89
DA:86,89
DA:87,89
DA:90,89
DA:91,89
DA:94,89
DA:95,89
DA:96,89
DA:100,0
DA:101,0
DA:102,0
DA:103,0
DA:104,0
DA:106,0
DA:108,0
DA:109,0
DA:110,0
DA:112,0
DA:114,0
DA:115,0
DA:116,0
DA:118,0
DA:120,0
DA:121,0
DA:122,0
DA:124,0
DA:125,0
DA:129,264
DA:130,264
DA:131,264
DA:133,264
DA:134,264
DA:136,264
DA:137,264
DA:138,5
DA:139,0
DA:140,0
DA:141,0
DA:143,5
DA:144,259
DA:145,259
DA:146,258
DA:147,258
DA:148,1
DA:149,1
DA:150,259
DA:151,263
DA:152,174
DA:153,174
DA:155,89
DA:157,89
DA:158,263
DA:161,264
DA:162,264
DA:164,264
DA:165,0
DA:166,0
DA:167,594
DA:168,335
DA:170,335
DA:171,5
DA:172,5
DA:173,330
DA:174,330
DA:175,259
DA:176,264
DA:179,666
DA:180,666
DA:182,666
DA:184,666
DA:185,666
DA:188,258
DA:189,258
DA:191,258
DA:192,0
DA:193,0
DA:194,0
DA:195,258
DA:196,258
DA:197,258
DA:202,258
DA:203,173
DA:204,173
DA:205,173
DA:207,85
DA:208,258
DA:212,5
DA:213,5
DA:214,5
DA:216,5
DA:220,5
DA:221,2
DA:222,2
DA:225,3
DA:227,3
DA:229,3
DA:230,1
DA:231,1
DA:232,1
DA:234,2
DA:235,3
DA:238,3
DA:239,3
DA:240,3
DA:243,3
DA:246,3
DA:248,3
DA:249,3
DA:250,3
DA:252,3
DA:254,3
DA:255,3
DA:258,264
DA:259,264
DA:260,264
DA:262,264
DA:264,264
DA:265,0
DA:266,0
DA:267,264
DA:268,76
DA:269,76
DA:271,524
DA:272,336
DA:273,336
DA:274,336
DA:275,0
DA:276,0
DA:277,336
DA:278,336
DA:280,188
DA:281,264
BRDA:45,0,0,335
BRDA:45,0,1,1010
BRDA:53,0,0,1010
BRDA:53,0,1,335
BRDA:59,0,0,0
BRDA:59,0,1,1345
BRDA:64,0,0,0
BRDA:64,0,1,1345
BRDA:70,0,0,0
BRDA:70,0,1,1345
BRDA:108,0,0,-
BRDA:108,0,1,-
BRDA:114,0,0,-
BRDA:114,0,1,-
BRDA:120,0,0,-
BRDA:120,0,1,-
BRDA:137,0,0,5
BRDA:137,0,1,259
BRDA:138,0,0,0
BRDA:138,0,1,5
BRDA:145,0,0,258
BRDA:145,0,1,1
BRDA:151,0,0,174
BRDA:151,0,1,89
BRDA:164,0,0,0
BRDA:164,0,1,264
BRDA:167,0,0,335
BRDA:167,0,1,259
BRDA:170,0,0,5
BRDA:170,0,1,330
BRDA:191,0,0,0
BRDA:191,0,1,258
BRDA:196,0,0,0
BRDA:196,0,1,258
BRDA:202,0,0,173
BRDA:202,0,1,85
BRDA:220,0,0,2
BRDA:220,0,1,3
BRDA:229,0,0,1
BRDA:229,0,1,2
BRDA:264,0,0,0
BRDA:264,0,1,264
BRDA:267,0,0,76
BRDA:267,0,1,188
BRDA:271,0,0,336
BRDA:271,0,1,188
BRDA:274,0,0,0
BRDA:274,0,1,336
BRF:48
BRH:33
LF:162
LH:124
end_of_record
SF:/home/patrice/CI/Projects/efibootguard/fuzztests/fuzztest.cpp
FN:22,fuzztest.cpp:_ZL28LLVMFuzzerInitializeNoReturnv
FN:24,fuzztest.cpp:_ZL30LLVMFuzzerTestOneInputNoReturnPKhm
FNDA:4,fuzztest.cpp:_ZL28LLVMFuzzerInitializeNoReturnv
FNDA:190,fuzztest.cpp:_ZL30LLVMFuzzerTestOneInputNoReturnPKhm
FNF:2
FNH:2
DA:20,0
DA:22,4
DA:24,190
DA:27,190
DA:29,187
DA:30,187
DA:32,187
DA:33,187
DA:35,187
DA:36,187
DA:38,187
DA:39,187
DA:40,187
DA:42,187
DA:43,187
DA:45,187
DA:46,187
DA:48,187
DA:50,187
DA:52,462
DA:53,276
DA:54,276
DA:55,276
DA:56,276
DA:57,276
DA:58,276
DA:59,276
DA:60,276
DA:61,276
DA:62,276
DA:63,0
DA:64,0
DA:65,0
DA:66,0
DA:67,0
DA:68,0
DA:69,0
DA:70,0
DA:71,0
DA:72,0
DA:73,0
DA:74,0
DA:75,0
DA:76,0
DA:77,0
DA:78,0
DA:79,0
DA:80,0
DA:81,0
DA:82,0
DA:83,0
DA:84,0
DA:85,0
DA:86,0
DA:87,0
DA:88,0
DA:89,0
DA:90,0
DA:91,0
DA:92,0
DA:93,0
DA:94,0
DA:95,0
DA:96,0
DA:97,0
DA:98,0
DA:99,0
DA:100,0
DA:101,0
DA:102,0
DA:103,0
DA:104,0
DA:105,0
DA:106,0
DA:107,0
DA:108,0
DA:109,0
DA:110,0
DA:111,0
DA:112,0
DA:113,0
DA:114,0
DA:115,0
DA:116,0
DA:117,0
DA:118,276
DA:119,276
DA:122,186
DA:123,186
DA:124,186
DA:126,186
DA:128,186
DA:129,186
BRDA:27,0,0,3
BRDA:27,0,1,187
BRDA:52,0,0,276
BRDA:52,0,1,186
BRDA:55,0,0,0
BRDA:55,0,1,276
BRDA:56,0,0,276
BRDA:56,0,1,0
BRDA:63,0,0,0
BRDA:63,0,1,276
BRDA:66,0,0,0
BRDA:66,0,1,276
BRDA:70,0,0,-
BRDA:70,0,1,-
BRDA:73,0,0,0
BRDA:73,0,1,276
BRDA:79,0,0,0
BRDA:79,0,1,276
BRDA:82,0,0,0
BRDA:82,0,1,276
BRDA:85,0,0,0
BRDA:85,0,1,276
BRDA:94,0,0,0
BRDA:94,0,1,276
BRDA:99,0,0,-
BRDA:99,0,1,-
BRDA:103,0,0,0
BRDA:103,0,1,276
BRDA:104,0,0,-
BRDA:104,0,1,-
BRDA:112,0,0,0
BRDA:112,0,1,276
BRDA:113,0,0,-
BRDA:113,0,1,-
BRDA:122,0,0,186
BRDA:122,0,1,0
BRF:36
BRH:16
LF:92
LH:37
end_of_record
SF:/home/patrice/CI/Projects/efibootguard/fuzztests/lib.cpp
FN:15,_Z16generate_devicesiP18FuzzedDataProvider
FN:58,_Z12free_devicesi
FNDA:187,_Z16generate_devicesiP18FuzzedDataProvider
FNDA:186,_Z12free_devicesi
FNF:2
FNH:2
DA:15,187
DA:17,187
DA:19,1247
DA:20,1060
DA:21,1060
DA:22,1060
DA:24,1060
DA:25,1060
DA:26,1060
DA:28,1060
DA:29,1060
DA:30,1060
DA:32,1060
DA:33,873
DA:34,873
DA:36,1683
DA:37,1496
DA:38,1496
DA:39,6732
DA:40,5236
DA:41,5236
DA:42,5236
DA:43,1496
DA:44,1496
DA:46,1496
DA:50,1496
DA:51,1496
DA:52,1496
DA:54,1496
DA:55,1496
DA:56,187
DA:58,186
DA:59,186
DA:60,0
DA:61,0
DA:64,1245
DA:65,1059
DA:66,1059
DA:68,1059
DA:69,1059
DA:70,2547
DA:71,1488
DA:72,1488
DA:73,1488
DA:74,1488
DA:75,1488
DA:76,1488
DA:77,1059
DA:79,186
DA:80,186
BRDA:19,0,0,1060
BRDA:19,0,1,187
BRDA:32,0,0,873
BRDA:32,0,1,187
BRDA:36,0,0,1496
BRDA:36,0,1,187
BRDA:39,0,0,5236
BRDA:39,0,1,1496
BRDA:59,0,0,0
BRDA:59,0,1,186
BRDA:64,0,0,1059
BRDA:64,0,1,186
BRDA:70,0,0,1488
BRDA:70,0,1,1059
BRF:14
BRH:13
LF:50
LH:48
end_of_record
SF:/home/patrice/CI/Projects/efibootguard/include/ebgenv.h
FNF:0
FNH:0
DA:24,0
DA:25,0
DA:32,276
DA:34,264
DA:35,276
BRF:0
BRH:0
LF:0
LH:0
end_of_record
SF:/home/patrice/CI/Projects/efibootguard/include/ebgpart.h
FNF:0
FNH:0
DA:33,0
DA:47,0
DA:48,0
DA:50,0
DA:52,0
DA:53,0
DA:54,0
DA:55,0
DA:56,0
DA:57,0
DA:58,0
DA:59,0
DA:60,0
DA:62,0
DA:63,0
BRF:0
BRH:0
LF:0
LH:0
end_of_record
SF:/home/patrice/CI/Projects/efibootguard/include/env_api.h
FNF:0
FNH:0
DA:40,4052
DA:41,4052
DA:44,185
DA:49,6242
DA:50,6242
BRF:0
BRH:0
LF:0
LH:0
end_of_record
SF:/home/patrice/CI/Projects/efibootguard/include/envdata.h
FNF:0
FNH:0
DA:20,6356
DA:21,2992
DA:23,0
DA:24,186
DA:26,0
DA:27,0
DA:32,0
BRF:0
BRH:0
LF:0
LH:0
end_of_record
SF:/home/patrice/CI/Projects/efibootguard/mocks/include/config.h
FNF:0
FNH:0
DA:1,357
DA:2,12333
BRF:0
BRH:0
LF:0
LH:0
end_of_record
SF:/home/patrice/CI/Projects/efibootguard/mocks/src/mocks.c
FN:4,crc32
FNDA:1682,crc32
FNF:1
FNH:1
DA:4,1682
DA:5,1682
DA:6,1682
BRF:0
BRH:0
LF:3
LH:3
end_of_record
SF:/home/patrice/CI/Projects/efibootguard/mocks/src/wrappers.cpp
FN:6,_Z17set_data_providerPv
FN:19,__wrap_ped_device_get_next
FN:27,__wrap_ped_device_probe_all
FN:29,__wrap_mount_partition
FN:43,__wrap_unmount_partition
FN:54,__wrap_open_config_file
FNDA:187,_Z17set_data_providerPv
FNDA:1247,__wrap_ped_device_get_next
FNDA:187,__wrap_ped_device_probe_all
FNDA:3178,__wrap_mount_partition
FNDA:3178,__wrap_unmount_partition
FNDA:3178,__wrap_open_config_file
FNF:6
FNH:6
DA:6,187
DA:7,187
DA:8,187
DA:19,1247
DA:20,1247
DA:21,187
DA:22,187
DA:24,1060
DA:25,1247
DA:27,187
DA:29,3178
DA:35,3178
DA:36,3178
DA:37,3178
DA:38,3178
DA:39,3178
DA:40,3178
DA:43,3178
DA:44,3178
DA:45,0
DA:46,0
DA:47,3178
DA:48,0
DA:49,0
DA:50,3178
DA:51,3178
DA:52,3178
DA:54,3178
DA:60,3178
DA:61,3178
DA:62,3178
DA:63,3178
DA:64,3178
DA:65,3178
BRDA:20,0,0,187
BRDA:20,0,1,1060
BRDA:44,0,0,0
BRDA:44,0,1,3178
BRDA:47,0,0,0
BRDA:47,0,1,3178
BRF:6
BRH:4
LF:34
LH:30
end_of_record
SF:/home/patrice/CI/Projects/efibootguard/tools/ebgpart.c
FN:29,ebgpart_beverbose
FN:432,ped_device_probe_all
FN:530,ped_device_get_next
FN:551,ped_disk_new
FN:558,ped_disk_next_partition
FN:414,ebgpart.c:get_major_minor
FN:380,ebgpart.c:scan_devdir
FN:268,ebgpart.c:check_partition_table
FN:153,ebgpart.c:read_GPT_entries
FN:47,ebgpart.c:GUID_to_str
FN:77,ebgpart.c:check_GPT_FAT_entry
FN:209,ebgpart.c:scanLogicalVolumes
FN:57,ebgpart.c:type_to_name
FN:34,ebgpart.c:add_block_dev
FN:513,ebgpart.c:ped_device_destroy
FN:501,ebgpart.c:ped_partition_destroy
FNDA:0,ebgpart_beverbose
FNDA:0,ped_device_probe_all
FNDA:0,ped_device_get_next
FNDA:1060,ped_disk_new
FNDA:1496,ped_disk_next_partition
FNDA:0,ebgpart.c:get_major_minor
FNDA:0,ebgpart.c:scan_devdir
FNDA:0,ebgpart.c:check_partition_table
FNDA:0,ebgpart.c:read_GPT_entries
FNDA:0,ebgpart.c:GUID_to_str
FNDA:0,ebgpart.c:check_GPT_FAT_entry
FNDA:0,ebgpart.c:scanLogicalVolumes
FNDA:0,ebgpart.c:type_to_name
FNDA:0,ebgpart.c:add_block_dev
FNDA:0,ebgpart.c:ped_device_destroy
FNDA:0,ebgpart.c:ped_partition_destroy
FNF:16
FNH:2
DA:29,0
DA:30,0
DA:31,0
DA:34,0
DA:35,0
DA:36,0
DA:37,0
DA:38,0
DA:39,0
DA:40,0
DA:41,0
DA:42,0
DA:43,0
DA:44,0
DA:47,0
DA:48,0
DA:49,0
DA:50,0
DA:51,0
DA:52,0
DA:53,0
DA:54,0
DA:57,0
DA:58,0
DA:59,0
DA:60,0
DA:61,0
DA:62,0
DA:63,0
DA:64,0
DA:65,0
DA:66,0
DA:67,0
DA:68,0
DA:69,0
DA:70,0
DA:71,0
DA:72,0
DA:73,0
DA:77,0
DA:78,0
DA:79,0
DA:80,0
DA:81,0
DA:82,0
DA:83,0
DA:84,0
DA:85,0
DA:86,0
DA:87,0
DA:88,0
DA:90,0
DA:91,0
DA:92,0
DA:93,0
DA:94,0
DA:95,0
DA:97,0
DA:98,0
DA:99,0
DA:100,0
DA:101,0
DA:102,0
DA:103,0
DA:104,0
DA:105,0
DA:106,0
DA:107,0
DA:108,0
DA:109,0
DA:110,0
DA:111,0
DA:113,0
DA:114,0
DA:115,0
DA:116,0
DA:117,0
DA:118,0
DA:119,0
DA:120,0
DA:121,0
DA:122,0
DA:123,0
DA:124,0
DA:125,0
DA:126,0
DA:127,0
DA:128,0
DA:129,0
DA:130,0
DA:131,0
DA:132,0
DA:133,0
DA:134,0
DA:135,0
DA:136,0
DA:137,0
DA:138,0
DA:139,0
DA:140,0
DA:141,0
DA:142,0
DA:143,0
DA:144,0
DA:146,0
DA:147,0
DA:148,0
DA:149,0
DA:153,0
DA:154,0
DA:155,0
DA:156,0
DA:157,0
DA:159,0
DA:160,0
DA:161,0
DA:162,0
DA:163,0
DA:165,0
DA:167,0
DA:168,0
DA:169,0
DA:170,0
DA:171,0
DA:172,0
DA:173,0
DA:174,0
DA:175,0
DA:176,0
DA:177,0
DA:178,0
DA:179,0
DA:180,0
DA:181,0
DA:182,0
DA:184,0
DA:185,0
DA:186,0
DA:187,0
DA:188,0
DA:189,0
DA:190,0
DA:191,0
DA:193,0
DA:194,0
DA:195,0
DA:196,0
DA:197,0
DA:198,0
DA:199,0
DA:201,0
DA:202,0
DA:203,0
DA:204,0
DA:209,0
DA:210,0
DA:211,0
DA:213,0
DA:214,0
DA:215,0
DA:216,0
DA:217,0
DA:218,0
DA:219,0
DA:220,0
DA:221,0
DA:222,0
DA:223,0
DA:224,0
DA:225,0
DA:226,0
DA:227,0
DA:228,0
DA:229,0
DA:230,0
DA:231,0
DA:232,0
DA:234,0
DA:235,0
DA:236,0
DA:237,0
DA:238,0
DA:239,0
DA:240,0
DA:241,0
DA:242,0
DA:243,0
DA:244,0
DA:245,0
DA:246,0
DA:247,0
DA:248,0
DA:249,0
DA:250,0
DA:251,0
DA:252,0
DA:253,0
DA:254,0
DA:255,0
DA:256,0
DA:257,0
DA:258,0
DA:259,0
DA:260,0
DA:261,0
DA:262,0
DA:263,0
DA:264,0
DA:265,0
DA:268,0
DA:269,0
DA:270,0
DA:272,0
DA:273,0
DA:274,0
DA:275,0
DA:276,0
DA:277,0
DA:278,0
DA:279,0
DA:280,0
DA:281,0
DA:282,0
DA:283,0
DA:284,0
DA:285,0
DA:286,0
DA:287,0
DA:288,0
DA:289,0
DA:290,0
DA:291,0
DA:292,0
DA:293,0
DA:294,0
DA:295,0
DA:296,0
DA:297,0
DA:298,0
DA:299,0
DA:300,0
DA:301,0
DA:302,0
DA:303,0
DA:304,0
DA:305,0
DA:306,0
DA:307,0
DA:308,0
DA:309,0
DA:310,0
DA:311,0
DA:312,0
DA:313,0
DA:314,0
DA:315,0
DA:316,0
DA:317,0
DA:318,0
DA:319,0
DA:320,0
DA:321,0
DA:322,0
DA:323,0
DA:324,0
DA:325,0
DA:326,0
DA:327,0
DA:328,0
DA:329,0
DA:330,0
DA:331,0
DA:332,0
DA:333,0
DA:334,0
DA:335,0
DA:337,0
DA:338,0
DA:339,0
DA:340,0
DA:342,0
DA:343,0
DA:345,0
DA:346,0
DA:348,0
DA:349,0
DA:350,0
DA:351,0
DA:352,0
DA:355,0
DA:356,0
DA:357,0
DA:358,0
DA:359,0
DA:360,0
DA:361,0
DA:362,0
DA:363,0
DA:364,0
DA:365,0
DA:366,0
DA:367,0
DA:368,0
DA:369,0
DA:370,0
DA:371,0
DA:372,0
DA:373,0
DA:374,0
DA:375,0
DA:376,0
DA:380,0
DA:381,0
DA:383,0
DA:384,0
DA:385,0
DA:386,0
DA:387,0
DA:388,0
DA:389,0
DA:390,0
DA:391,0
DA:392,0
DA:393,0
DA:394,0
DA:395,0
DA:396,0
DA:397,0
DA:398,0
DA:399,0
DA:400,0
DA:401,0
DA:402,0
DA:403,0
DA:404,0
DA:405,0
DA:406,0
DA:407,0
DA:408,0
DA:410,0
DA:411,0
DA:414,0
DA:415,0
DA:416,0
DA:417,0
DA:418,0
DA:419,0
DA:420,0
DA:421,0
DA:422,0
DA:423,0
DA:424,0
DA:425,0
DA:426,0
DA:427,0
DA:428,0
DA:429,0
DA:432,0
DA:433,0
DA:434,0
DA:436,0
DA:437,0
DA:438,0
DA:439,0
DA:440,0
DA:443,0
DA:444,0
DA:445,0
DA:446,0
DA:447,0
DA:448,0
DA:449,0
DA:450,0
DA:451,0
DA:452,0
DA:453,0
DA:455,0
DA:456,0
DA:457,0
DA:458,0
DA:459,0
DA:460,0
DA:461,0
DA:463,0
DA:464,0
DA:465,0
DA:466,0
DA:469,0
DA:470,0
DA:471,0
DA:472,0
DA:473,0
DA:475,0
DA:476,0
DA:477,0
DA:478,0
DA:479,0
DA:480,0
DA:481,0
DA:482,0
DA:483,0
DA:484,0
DA:485,0
DA:486,0
DA:487,0
DA:488,0
DA:489,0
DA:490,0
DA:491,0
DA:492,0
DA:493,0
DA:494,0
DA:495,0
DA:497,0
DA:498,0
DA:501,0
DA:502,0
DA:503,0
DA:504,0
DA:505,0
DA:506,0
DA:507,0
DA:508,0
DA:509,0
DA:510,0
DA:513,0
DA:514,0
DA:515,0
DA:516,0
DA:517,0
DA:518,0
DA:519,0
DA:520,0
DA:521,0
DA:523,0
DA:524,0
DA:525,0
DA:526,0
DA:527,0
DA:530,0
DA:531,0
DA:532,0
DA:533,0
DA:534,0
DA:535,0
DA:536,0
DA:538,0
DA:540,0
DA:541,0
DA:543,0
DA:544,0
DA:545,0
DA:546,0
DA:547,0
DA:548,0
DA:551,1060
DA:552,1060
DA:553,1060
DA:554,1060
DA:558,1496
DA:559,1496
DA:560,1496
BRDA:35,0,0,-
BRDA:35,0,1,-
BRDA:40,0,0,-
BRDA:40,0,1,-
BRDA:58,0,0,-
BRDA:58,0,1,-
BRDA:59,0,0,-
BRDA:59,0,1,-
BRDA:61,0,0,-
BRDA:61,0,1,-
BRDA:62,0,0,-
BRDA:62,0,1,-
BRDA:63,0,0,-
BRDA:63,0,1,-
BRDA:65,0,0,-
BRDA:65,0,1,-
BRDA:66,0,0,-
BRDA:66,0,1,-
BRDA:68,0,0,-
BRDA:68,0,1,-
BRDA:69,0,0,-
BRDA:69,0,1,-
BRDA:79,0,0,-
BRDA:79,0,1,-
BRDA:80,0,0,-
BRDA:80,0,1,-
BRDA:81,0,0,-
BRDA:81,0,1,-
BRDA:84,0,0,-
BRDA:84,0,1,-
BRDA:88,0,0,-
BRDA:88,0,1,-
BRDA:91,0,0,-
BRDA:91,0,1,-
BRDA:92,0,0,-
BRDA:92,0,1,-
BRDA:98,0,0,-
BRDA:98,0,1,-
BRDA:99,0,0,-
BRDA:99,0,1,-
BRDA:104,0,0,-
BRDA:104,0,1,-
BRDA:105,0,0,-
BRDA:105,0,1,-
BRDA:110,0,0,-
BRDA:110,0,1,-
BRDA:111,0,0,-
BRDA:111,0,1,-
BRDA:114,0,0,-
BRDA:114,0,1,-
BRDA:115,0,0,-
BRDA:115,0,1,-
BRDA:119,0,0,-
BRDA:119,0,1,-
BRDA:120,0,0,-
BRDA:120,0,1,-
BRDA:125,0,0,-
BRDA:125,0,1,-
BRDA:126,0,0,-
BRDA:126,0,1,-
BRDA:129,0,0,-
BRDA:129,0,1,-
BRDA:130,0,0,-
BRDA:130,0,1,-
BRDA:134,0,0,-
BRDA:134,0,1,-
BRDA:138,0,0,-
BRDA:138,0,1,-
BRDA:139,0,0,-
BRDA:139,0,1,-
BRDA:140,0,0,-
BRDA:140,0,1,-
BRDA:147,0,0,-
BRDA:147,0,1,-
BRDA:160,0,0,-
BRDA:160,0,1,-
BRDA:161,0,0,-
BRDA:161,0,1,-
BRDA:167,0,0,-
BRDA:167,0,1,-
BRDA:168,0,0,-
BRDA:168,0,1,-
BRDA:169,0,0,-
BRDA:169,0,1,-
BRDA:170,0,0,-
BRDA:170,0,1,-
BRDA:173,0,0,-
BRDA:173,0,1,-
BRDA:174,0,0,-
BRDA:174,0,1,-
BRDA:177,0,0,-
BRDA:177,0,1,-
BRDA:179,0,0,-
BRDA:179,0,1,-
BRDA:180,0,0,-
BRDA:180,0,1,-
BRDA:185,0,0,-
BRDA:185,0,1,-
BRDA:186,0,0,-
BRDA:186,0,1,-
BRDA:193,0,0,-
BRDA:193,0,1,-
BRDA:214,0,0,-
BRDA:214,0,1,-
BRDA:217,0,0,-
BRDA:217,0,1,-
BRDA:219,0,0,-
BRDA:219,0,1,-
BRDA:220,0,0,-
BRDA:220,0,1,-
BRDA:223,0,0,-
BRDA:223,0,1,-
BRDA:224,0,0,-
BRDA:224,0,1,-
BRDA:225,0,0,-
BRDA:225,0,1,-
BRDA:229,0,0,-
BRDA:229,0,1,-
BRDA:230,0,0,-
BRDA:230,0,1,-
BRDA:234,0,0,-
BRDA:234,0,1,-
BRDA:236,0,0,-
BRDA:236,0,1,-
BRDA:239,0,0,-
BRDA:239,0,1,-
BRDA:239,1,2,-
BRDA:239,1,3,-
BRDA:240,0,0,-
BRDA:240,0,1,-
BRDA:246,0,0,-
BRDA:246,0,1,-
BRDA:250,0,0,-
BRDA:250,0,1,-
BRDA:253,0,0,-
BRDA:253,0,1,-
BRDA:262,0,0,-
BRDA:262,0,1,-
BRDA:272,0,0,-
BRDA:272,0,1,-
BRDA:274,0,0,-
BRDA:274,0,1,-
BRDA:275,0,0,-
BRDA:275,0,1,-
BRDA:278,0,0,-
BRDA:278,0,1,-
BRDA:279,0,0,-
BRDA:279,0,1,-
BRDA:284,0,0,-
BRDA:284,0,1,-
BRDA:285,0,0,-
BRDA:285,0,1,-
BRDA:292,0,0,-
BRDA:292,0,1,-
BRDA:293,0,0,-
BRDA:293,0,1,-
BRDA:297,0,0,-
BRDA:297,0,1,-
BRDA:300,0,0,-
BRDA:300,0,1,-
BRDA:301,0,0,-
BRDA:301,0,1,-
BRDA:305,0,0,-
BRDA:305,0,1,-
BRDA:306,0,0,-
BRDA:306,0,1,-
BRDA:307,0,0,-
BRDA:307,0,1,-
BRDA:312,0,0,-
BRDA:312,0,1,-
BRDA:315,0,0,-
BRDA:315,0,1,-
BRDA:316,0,0,-
BRDA:316,0,1,-
BRDA:319,0,0,-
BRDA:319,0,1,-
BRDA:324,0,0,-
BRDA:324,0,1,-
BRDA:326,0,0,-
BRDA:326,0,1,-
BRDA:333,0,0,-
BRDA:333,0,1,-
BRDA:338,0,0,-
BRDA:338,0,1,-
BRDA:348,0,0,-
BRDA:348,0,1,-
BRDA:348,1,2,-
BRDA:348,1,3,-
BRDA:349,0,0,-
BRDA:349,0,1,-
BRDA:355,0,0,-
BRDA:355,0,1,-
BRDA:359,0,0,-
BRDA:359,0,1,-
BRDA:366,0,0,-
BRDA:366,0,1,-
BRDA:372,0,0,-
BRDA:372,0,1,-
BRDA:384,0,0,-
BRDA:384,0,1,-
BRDA:385,0,0,-
BRDA:385,0,1,-
BRDA:391,0,0,-
BRDA:391,0,1,-
BRDA:397,0,0,-
BRDA:397,0,1,-
BRDA:398,0,0,-
BRDA:398,0,1,-
BRDA:401,0,0,-
BRDA:401,0,1,-
BRDA:402,0,0,-
BRDA:402,0,1,-
BRDA:403,0,0,-
BRDA:403,0,1,-
BRDA:407,0,0,-
BRDA:407,0,1,-
BRDA:416,0,0,-
BRDA:416,0,1,-
BRDA:417,0,0,-
BRDA:417,0,1,-
BRDA:422,0,0,-
BRDA:422,0,1,-
BRDA:423,0,0,-
BRDA:423,0,1,-
BRDA:437,0,0,-
BRDA:437,0,1,-
BRDA:438,0,0,-
BRDA:438,0,1,-
BRDA:445,0,0,-
BRDA:445,0,1,-
BRDA:448,0,0,-
BRDA:448,0,1,-
BRDA:449,0,0,-
BRDA:449,0,1,-
BRDA:456,0,0,-
BRDA:456,0,1,-
BRDA:459,0,0,-
BRDA:459,0,1,-
BRDA:466,0,0,-
BRDA:466,0,1,-
BRDA:469,0,0,-
BRDA:469,0,1,-
BRDA:476,0,0,-
BRDA:476,0,1,-
BRDA:479,0,0,-
BRDA:479,0,1,-
BRDA:483,0,0,-
BRDA:483,0,1,-
BRDA:487,0,0,-
BRDA:487,0,1,-
BRDA:495,0,0,-
BRDA:495,0,1,-
BRDA:502,0,0,-
BRDA:502,0,1,-
BRDA:505,0,0,-
BRDA:505,0,1,-
BRDA:514,0,0,-
BRDA:514,0,1,-
BRDA:520,0,0,-
BRDA:520,0,1,-
BRDA:531,0,0,-
BRDA:531,0,1,-
BRDA:534,0,0,-
BRDA:534,0,1,-
BRDA:540,0,0,-
BRDA:540,0,1,-
BRF:266
BRH:0
LF:462
LH:7
end_of_record
