SF:/home/patrice/CI/Projects/efibootguard/env/env_api.c
FN:30,str16to8
FN:45,str8to16
FN:60,ebg_beverbose
FN:65,ebg_env_create_new
FN:98,ebg_env_open_current
FN:109,ebg_env_get
FN:116,ebg_env_get_ex
FN:121,ebg_env_set
FN:129,ebg_env_set_ex
FN:134,ebg_env_user_free
FN:145,ebg_env_getglobalstate
FN:182,ebg_env_setglobalstate
FN:218,ebg_env_close
FN:244,ebg_env_register_gc_var
FN:267,ebg_env_finalize_update
FNDA:0,str16to8
FNDA:0,str8to16
FNDA:0,ebg_beverbose
FNDA:18,ebg_env_create_new
FNDA:48,ebg_env_open_current
FNDA:52,ebg_env_get
FNDA:17,ebg_env_get_ex
FNDA:355,ebg_env_set
FNDA:12,ebg_env_set_ex
FNDA:31,ebg_env_user_free
FNDA:122,ebg_env_getglobalstate
FNDA:59,ebg_env_setglobalstate
FNDA:47,ebg_env_close
FNDA:25,ebg_env_register_gc_var
FNDA:16,ebg_env_finalize_update
FNF:15
FNH:12
DA:30,0
DA:31,0
DA:32,0
DA:33,0
DA:34,0
DA:35,0
DA:36,0
DA:37,0
DA:38,0
DA:39,0
DA:40,0
DA:41,0
DA:42,0
DA:45,0
DA:46,0
DA:47,0
DA:48,0
DA:49,0
DA:50,0
DA:51,0
DA:52,0
DA:53,0
DA:54,0
DA:55,0
DA:56,0
DA:57,0
DA:60,0
DA:61,0
DA:62,0
DA:65,18
DA:66,18
DA:67,18
DA:68,18
DA:70,0
DA:71,0
DA:72,0
DA:73,0
DA:75,0
DA:77,0
DA:78,0
DA:79,0
DA:80,0
DA:81,0
DA:82,0
DA:83,0
DA:84,0
DA:85,0
DA:86,0
DA:87,0
DA:88,0
DA:89,0
DA:90,0
DA:91,0
DA:92,0
DA:94,0
DA:95,0
DA:98,48
DA:99,48
DA:100,48
DA:101,48
DA:103,0
DA:105,0
DA:106,48
DA:109,52
DA:110,52
DA:111,52
DA:112,52
DA:116,17
DA:117,17
DA:118,17
DA:121,355
DA:122,355
DA:123,355
DA:124,355
DA:125,355
DA:129,12
DA:130,12
DA:131,12
DA:134,31
DA:135,31
DA:136,31
DA:137,31
DA:138,0
DA:139,0
DA:140,0
DA:141,0
DA:142,0
DA:145,122
DA:146,122
DA:147,122
DA:150,1098
DA:151,976
DA:153,976
DA:154,0
DA:155,0
DA:159,976
DA:160,976
DA:161,0
DA:162,0
DA:163,976
DA:164,976
DA:165,0
DA:166,0
DA:167,976
DA:169,122
DA:170,122
DA:171,0
DA:172,0
DA:173,0
DA:175,122
DA:176,122
DA:178,122
DA:179,122
DA:182,59
DA:183,59
DA:184,59
DA:186,59
DA:187,40
DA:188,40
DA:189,19
DA:190,19
DA:191,19
DA:193,19
DA:194,0
DA:195,0
DA:197,171
DA:198,152
DA:200,152
DA:201,0
DA:202,0
DA:203,152
DA:204,0
DA:205,0
DA:206,0
DA:207,0
DA:208,0
DA:209,0
DA:210,0
DA:211,0
DA:212,152
DA:213,152
DA:214,19
DA:215,19
DA:218,47
DA:219,47
DA:222,47
DA:223,47
DA:224,47
DA:226,0
DA:227,0
DA:230,0
DA:231,0
DA:232,0
DA:234,0
DA:235,0
DA:236,0
DA:237,0
DA:238,0
DA:239,0
DA:240,0
DA:241,47
DA:244,25
DA:245,25
DA:246,25
DA:248,25
DA:249,0
DA:250,0
DA:251,29
DA:252,4
DA:253,4
DA:254,25
DA:255,25
DA:256,0
DA:257,0
DA:258,25
DA:259,0
DA:260,0
DA:261,0
DA:262,0
DA:263,25
DA:264,25
DA:267,16
DA:268,16
DA:269,16
DA:270,16
DA:272,0
DA:273,0
DA:275,0
DA:276,0
DA:277,0
DA:278,0
DA:279,0
DA:280,0
DA:281,0
DA:282,0
DA:283,0
DA:284,0
DA:285,0
DA:286,0
DA:287,0
DA:289,0
DA:290,0
DA:291,0
DA:292,16
BRDA:31,0,0,-
BRDA:31,0,1,-
BRDA:31,1,2,-
BRDA:31,1,3,-
BRDA:35,0,0,-
BRDA:35,0,1,-
BRDA:46,0,0,-
BRDA:46,0,1,-
BRDA:46,1,2,-
BRDA:46,1,3,-
BRDA:50,0,0,-
BRDA:50,0,1,-
BRDA:66,0,0,18
BRDA:66,0,1,0
BRDA:71,0,0,-
BRDA:71,0,1,-
BRDA:77,0,0,-
BRDA:77,0,1,-
BRDA:79,0,0,-
BRDA:79,0,1,-
BRDA:99,0,0,48
BRDA:99,0,1,0
BRDA:105,0,0,-
BRDA:105,0,1,-
BRDA:135,0,0,31
BRDA:135,0,1,0
BRDA:138,0,0,-
BRDA:138,0,1,-
BRDA:150,0,0,976
BRDA:150,0,1,122
BRDA:153,0,0,0
BRDA:153,0,1,976
BRDA:159,0,0,976
BRDA:159,0,1,0
BRDA:160,0,0,0
BRDA:160,0,1,976
BRDA:164,0,0,0
BRDA:164,0,1,976
BRDA:170,0,0,0
BRDA:170,0,1,122
BRDA:186,0,0,40
BRDA:186,0,1,19
BRDA:193,0,0,0
BRDA:193,0,1,19
BRDA:197,0,0,152
BRDA:197,0,1,19
BRDA:200,0,0,0
BRDA:200,0,1,152
BRDA:203,0,0,0
BRDA:203,0,1,152
BRDA:207,0,0,-
BRDA:207,0,1,-
BRDA:222,0,0,47
BRDA:222,0,1,0
BRDA:234,0,0,-
BRDA:234,0,1,-
BRDA:248,0,0,0
BRDA:248,0,1,25
BRDA:251,0,0,4
BRDA:251,0,1,25
BRDA:255,0,0,0
BRDA:255,0,1,25
BRDA:258,0,0,0
BRDA:258,0,1,25
BRDA:268,0,0,16
BRDA:268,0,1,0
BRDA:268,1,2,-
BRDA:268,1,3,-
BRDA:277,0,0,-
BRDA:277,0,1,-
BRDA:280,0,0,-
BRDA:280,0,1,-
BRF:72
BRH:24
LF:204
LH:86
end_of_record
SF:/home/patrice/CI/Projects/efibootguard/env/env_api_fat.c
FN:26,bgenv_str2enum
FN:49,bgenv_be_verbose
FN:55,read_env
FN:96,write_env
FN:139,bgenv_init
FN:165,bgenv_finalize
FN:179,bgenv_open_by_index
FN:195,bgenv_open_oldest
FN:209,bgenv_open_latest
FN:223,bgenv_write
FN:245,bgenv_read
FN:259,bgenv_close
FN:295,bgenv_get
FN:370,bgenv_set
FN:429,bgenv_create_new
FN:281,env_api_fat.c:bgenv_get_string
FN:265,env_api_fat.c:bgenv_get_uint
FN:352,env_api_fat.c:bgenv_convert_to_long
FNDA:444,bgenv_str2enum
FNDA:0,bgenv_be_verbose
FNDA:0,read_env
FNDA:0,write_env
FNDA:66,bgenv_init
FNDA:0,bgenv_finalize
FNDA:1250,bgenv_open_by_index
FNDA:0,bgenv_open_oldest
FNDA:122,bgenv_open_latest
FNDA:0,bgenv_write
FNDA:0,bgenv_read
FNDA:1250,bgenv_close
FNDA:69,bgenv_get
FNDA:386,bgenv_set
FNDA:0,bgenv_create_new
FNDA:0,env_api_fat.c:bgenv_get_string
FNDA:0,env_api_fat.c:bgenv_get_uint
FNDA:0,env_api_fat.c:bgenv_convert_to_long
FNF:18
FNH:7
DA:26,444
DA:27,444
DA:28,0
DA:29,0
DA:30,444
DA:31,0
DA:32,0
DA:33,444
DA:34,0
DA:35,0
DA:36,444
DA:37,0
DA:38,0
DA:39,444
DA:40,19
DA:41,19
DA:42,425
DA:43,0
DA:44,0
DA:45,425
DA:46,425
DA:49,0
DA:50,0
DA:51,0
DA:52,0
DA:55,0
DA:56,0
DA:57,0
DA:58,0
DA:59,0
DA:61,0
DA:62,0
DA:63,0
DA:64,0
DA:65,0
DA:66,0
DA:67,0
DA:68,0
DA:69,0
DA:70,0
DA:71,0
DA:72,0
DA:73,0
DA:74,0
DA:75,0
DA:76,0
DA:77,0
DA:78,0
DA:79,0
DA:80,0
DA:81,0
DA:82,0
DA:83,0
DA:84,0
DA:85,0
DA:86,0
DA:87,0
DA:88,0
DA:90,0
DA:91,0
DA:92,0
DA:93,0
DA:96,0
DA:97,0
DA:98,0
DA:99,0
DA:100,0
DA:102,0
DA:103,0
DA:104,0
DA:105,0
DA:106,0
DA:107,0
DA:108,0
DA:109,0
DA:110,0
DA:111,0
DA:112,0
DA:113,0
DA:114,0
DA:115,0
DA:116,0
DA:117,0
DA:118,0
DA:119,0
DA:120,0
DA:121,0
DA:122,0
DA:123,0
DA:124,0
DA:125,0
DA:126,0
DA:127,0
DA:128,0
DA:129,0
DA:130,0
DA:139,66
DA:140,66
DA:141,0
DA:142,0
DA:144,66
DA:145,66
DA:146,66
DA:147,66
DA:148,0
DA:149,0
DA:150,0
DA:151,0
DA:152,0
DA:153,0
DA:155,0
DA:156,0
DA:157,0
DA:158,0
DA:159,0
DA:160,0
DA:161,0
DA:162,66
DA:165,0
DA:166,0
DA:167,0
DA:168,0
DA:169,0
DA:170,0
DA:171,0
DA:172,0
DA:173,0
DA:174,0
DA:175,0
DA:176,0
DA:179,1250
DA:180,1250
DA:183,1250
DA:184,0
DA:185,0
DA:186,1250
DA:187,0
DA:188,0
DA:189,1250
DA:190,1250
DA:191,1250
DA:192,1250
DA:195,0
DA:196,0
DA:197,0
DA:199,0
DA:200,0
DA:201,0
DA:202,0
DA:203,0
DA:204,0
DA:205,0
DA:206,0
DA:209,122
DA:210,122
DA:211,122
DA:213,1098
DA:214,976
DA:215,0
DA:216,0
DA:217,0
DA:218,976
DA:219,122
DA:220,122
DA:223,0
DA:224,0
DA:226,0
DA:227,0
DA:228,0
DA:229,0
DA:230,0
DA:231,0
DA:232,0
DA:233,0
DA:234,0
DA:235,0
DA:236,0
DA:237,0
DA:238,0
DA:239,0
DA:240,0
DA:241,0
DA:242,0
DA:245,0
DA:246,0
DA:247,0
DA:248,0
DA:249,0
DA:250,0
DA:259,1250
DA:260,1250
DA:261,1250
DA:265,0
DA:266,0
DA:268,0
DA:269,0
DA:270,0
DA:271,0
DA:272,0
DA:273,0
DA:274,0
DA:275,0
DA:276,0
DA:277,0
DA:281,0
DA:282,0
DA:283,0
DA:284,0
DA:285,0
DA:286,0
DA:287,0
DA:288,0
DA:289,0
DA:290,0
DA:291,0
DA:295,69
DA:296,69
DA:297,69
DA:299,69
DA:300,0
DA:301,0
DA:302,69
DA:303,69
DA:304,69
DA:305,69
DA:306,0
DA:307,0
DA:308,0
DA:309,0
DA:310,0
DA:311,0
DA:312,0
DA:313,0
DA:314,0
DA:315,0
DA:316,0
DA:317,0
DA:318,0
DA:319,0
DA:320,0
DA:321,0
DA:322,0
DA:323,0
DA:324,0
DA:325,0
DA:326,0
DA:327,0
DA:328,0
DA:329,0
DA:330,0
DA:331,0
DA:332,0
DA:333,0
DA:334,0
DA:335,0
DA:336,0
DA:337,0
DA:338,0
DA:339,0
DA:340,0
DA:341,0
DA:342,0
DA:343,0
DA:344,0
DA:345,0
DA:346,0
DA:347,0
DA:348,0
DA:349,0
DA:352,0
DA:353,0
DA:354,0
DA:356,0
DA:357,0
DA:358,0
DA:359,0
DA:360,0
DA:361,0
DA:362,0
DA:363,0
DA:364,0
DA:365,0
DA:366,0
DA:370,386
DA:371,386
DA:372,386
DA:373,386
DA:375,386
DA:376,11
DA:377,11
DA:379,375
DA:380,375
DA:381,374
DA:382,374
DA:383,1
DA:384,0
DA:385,0
DA:386,0
DA:387,1
DA:388,0
DA:389,0
DA:390,0
DA:391,0
DA:392,0
DA:393,0
DA:394,0
DA:395,0
DA:396,0
DA:397,0
DA:398,0
DA:399,0
DA:400,0
DA:401,0
DA:402,0
DA:403,0
DA:404,0
DA:405,0
DA:406,0
DA:407,0
DA:408,0
DA:409,0
DA:410,0
DA:411,0
DA:412,0
DA:413,0
DA:414,0
DA:415,0
DA:416,0
DA:417,0
DA:418,0
DA:419,0
DA:420,0
DA:421,0
DA:422,0
DA:423,0
DA:424,1
DA:425,0
DA:426,1
DA:429,0
DA:430,0
DA:431,0
DA:433,0
DA:434,0
DA:435,0
DA:436,0
DA:438,0
DA:440,0
DA:441,0
DA:442,0
DA:443,0
DA:444,0
DA:446,0
DA:448,0
DA:450,0
DA:451,0
DA:452,0
DA:454,0
DA:455,0
DA:457,0
DA:459,0
DA:460,0
DA:461,0
DA:462,0
BRDA:27,0,0,0
BRDA:27,0,1,444
BRDA:30,0,0,0
BRDA:30,0,1,444
BRDA:33,0,0,0
BRDA:33,0,1,444
BRDA:36,0,0,0
BRDA:36,0,1,444
BRDA:39,0,0,19
BRDA:39,0,1,425
BRDA:42,0,0,0
BRDA:42,0,1,425
BRDA:56,0,0,-
BRDA:56,0,1,-
BRDA:59,0,0,-
BRDA:59,0,1,-
BRDA:61,0,0,-
BRDA:61,0,1,-
BRDA:65,0,0,-
BRDA:65,0,1,-
BRDA:70,0,0,-
BRDA:70,0,1,-
BRDA:74,0,0,-
BRDA:74,0,1,-
BRDA:75,0,0,-
BRDA:75,0,1,-
BRDA:77,0,0,-
BRDA:77,0,1,-
BRDA:78,0,0,-
BRDA:78,0,1,-
BRDA:82,0,0,-
BRDA:82,0,1,-
BRDA:83,0,0,-
BRDA:83,0,1,-
BRDA:86,0,0,-
BRDA:86,0,1,-
BRDA:97,0,0,-
BRDA:97,0,1,-
BRDA:100,0,0,-
BRDA:100,0,1,-
BRDA:102,0,0,-
BRDA:102,0,1,-
BRDA:106,0,0,-
BRDA:106,0,1,-
BRDA:111,0,0,-
BRDA:111,0,1,-
BRDA:112,0,0,-
BRDA:112,0,1,-
BRDA:116,0,0,-
BRDA:116,0,1,-
BRDA:117,0,0,-
BRDA:117,0,1,-
BRDA:121,0,0,-
BRDA:121,0,1,-
BRDA:122,0,0,-
BRDA:122,0,1,-
BRDA:126,0,0,-
BRDA:126,0,1,-
BRDA:140,0,0,0
BRDA:140,0,1,66
BRDA:144,0,0,66
BRDA:144,0,1,0
BRDA:145,0,0,0
BRDA:145,0,1,66
BRDA:148,0,0,-
BRDA:148,0,1,-
BRDA:152,0,0,-
BRDA:152,0,1,-
BRDA:153,0,0,-
BRDA:153,0,1,-
BRDA:166,0,0,-
BRDA:166,0,1,-
BRDA:169,0,0,-
BRDA:169,0,1,-
BRDA:183,0,0,0
BRDA:183,0,1,1250
BRDA:186,0,0,0
BRDA:186,0,1,1250
BRDA:199,0,0,-
BRDA:199,0,1,-
BRDA:200,0,0,-
BRDA:200,0,1,-
BRDA:213,0,0,976
BRDA:213,0,1,122
BRDA:214,0,0,0
BRDA:214,0,1,976
BRDA:226,0,0,-
BRDA:226,0,1,-
BRDA:230,0,0,-
BRDA:230,0,1,-
BRDA:231,0,0,-
BRDA:231,0,1,-
BRDA:236,0,0,-
BRDA:236,0,1,-
BRDA:237,0,0,-
BRDA:237,0,1,-
BRDA:246,0,0,-
BRDA:246,0,1,-
BRDA:269,0,0,-
BRDA:269,0,1,-
BRDA:273,0,0,-
BRDA:273,0,1,-
BRDA:283,0,0,-
BRDA:283,0,1,-
BRDA:287,0,0,-
BRDA:287,0,1,-
BRDA:299,0,0,0
BRDA:299,0,1,69
BRDA:299,1,2,0
BRDA:299,1,3,69
BRDA:303,0,0,69
BRDA:303,0,1,0
BRDA:306,0,0,-
BRDA:306,0,1,-
BRDA:307,0,0,-
BRDA:307,0,1,-
BRDA:311,0,0,-
BRDA:311,0,1,-
BRDA:321,0,0,-
BRDA:321,0,1,-
BRDA:324,0,0,-
BRDA:324,0,1,-
BRDA:327,0,0,-
BRDA:327,0,1,-
BRDA:331,0,0,-
BRDA:331,0,1,-
BRDA:335,0,0,-
BRDA:335,0,1,-
BRDA:339,0,0,-
BRDA:339,0,1,-
BRDA:343,0,0,-
BRDA:343,0,1,-
BRDA:344,0,0,-
BRDA:344,0,1,-
BRDA:358,0,0,-
BRDA:358,0,1,-
BRDA:358,1,2,-
BRDA:358,1,3,-
BRDA:358,2,4,-
BRDA:358,2,5,-
BRDA:359,0,0,-
BRDA:359,0,1,-
BRDA:359,1,2,-
BRDA:359,1,3,-
BRDA:362,0,0,-
BRDA:362,0,1,-
BRDA:375,0,0,0
BRDA:375,0,1,386
BRDA:375,1,2,0
BRDA:375,1,3,386
BRDA:375,2,4,11
BRDA:375,2,5,375
BRDA:380,0,0,374
BRDA:380,0,1,1
BRDA:383,0,0,0
BRDA:383,0,1,1
BRDA:388,0,0,0
BRDA:388,0,1,1
BRDA:390,0,0,-
BRDA:390,0,1,-
BRDA:395,0,0,0
BRDA:395,0,1,1
BRDA:398,0,0,0
BRDA:398,0,1,1
BRDA:401,0,0,0
BRDA:401,0,1,1
BRDA:403,0,0,-
BRDA:403,0,1,-
BRDA:408,0,0,0
BRDA:408,0,1,1
BRDA:410,0,0,-
BRDA:410,0,1,-
BRDA:415,0,0,0
BRDA:415,0,1,1
BRDA:417,0,0,-
BRDA:417,0,1,-
BRDA:422,0,0,0
BRDA:422,0,1,1
BRDA:434,0,0,-
BRDA:434,0,1,-
BRDA:441,0,0,-
BRDA:441,0,1,-
BRDA:446,0,0,-
BRDA:446,0,1,-
BRF:184
BRH:32
LF:363
LH:60
end_of_record
SF:/home/patrice/CI/Projects/efibootguard/env/env_config_file.c
FN:22,open_config_file
FN:33,open_config_file_from_part
FN:53,close_config_file
FN:61,probe_config_file
FNDA:0,open_config_file
FNDA:0,open_config_file_from_part
FNDA:0,close_config_file
FNDA:0,probe_config_file
FNF:4
FNH:0
DA:22,0
DA:23,0
DA:24,0
DA:25,0
DA:26,0
DA:27,0
DA:28,0
DA:29,0
DA:30,0
DA:33,0
DA:34,0
DA:36,0
DA:37,0
DA:38,0
DA:39,0
DA:40,0
DA:41,0
DA:42,0
DA:43,0
DA:44,0
DA:45,0
DA:46,0
DA:47,0
DA:48,0
DA:49,0
DA:50,0
DA:53,0
DA:54,0
DA:55,0
DA:56,0
DA:57,0
DA:58,0
DA:61,0
DA:62,0
DA:63,0
DA:64,0
DA:65,0
DA:66,0
DA:67,0
DA:69,0
DA:70,0
DA:71,0
DA:72,0
DA:73,0
DA:74,0
DA:75,0
DA:76,0
DA:77,0
DA:78,0
DA:80,0
DA:83,0
DA:84,0
DA:85,0
DA:86,0
DA:87,0
DA:88,0
DA:89,0
DA:90,0
DA:91,0
DA:92,0
DA:93,0
DA:94,0
DA:95,0
DA:96,0
DA:97,0
DA:98,0
DA:99,0
DA:100,0
DA:101,0
DA:102,0
DA:103,0
DA:104,0
DA:105,0
BRDA:23,0,0,-
BRDA:23,0,1,-
BRDA:25,0,0,-
BRDA:25,0,1,-
BRDA:36,0,0,-
BRDA:36,0,1,-
BRDA:36,1,2,-
BRDA:36,1,3,-
BRDA:41,0,0,-
BRDA:41,0,1,-
BRDA:54,0,0,-
BRDA:54,0,1,-
BRDA:63,0,0,-
BRDA:63,0,1,-
BRDA:67,0,0,-
BRDA:67,0,1,-
BRDA:70,0,0,-
BRDA:70,0,1,-
BRDA:72,0,0,-
BRDA:72,0,1,-
BRDA:80,0,0,-
BRDA:80,0,1,-
BRDA:83,0,0,-
BRDA:83,0,1,-
BRDA:87,0,0,-
BRDA:87,0,1,-
BRDA:93,0,0,-
BRDA:93,0,1,-
BRDA:94,0,0,-
BRDA:94,0,1,-
BRDA:99,0,0,-
BRDA:99,0,1,-
BRF:32
BRH:0
LF:73
LH:0
end_of_record
SF:/home/patrice/CI/Projects/efibootguard/env/env_config_partitions.c
FN:21,probe_config_partitions
FNDA:66,probe_config_partitions
FNF:1
FNH:1
DA:21,66
DA:22,66
DA:23,66
DA:24,66
DA:26,66
DA:27,0
DA:28,0
DA:30,66
DA:32,66
DA:33,0
DA:34,0
DA:35,0
DA:36,0
DA:37,0
DA:38,0
DA:39,0
DA:40,0
DA:41,0
DA:42,0
DA:43,0
DA:44,0
DA:45,0
DA:46,0
DA:47,0
DA:48,0
DA:49,0
DA:50,0
DA:51,0
DA:52,0
DA:53,0
DA:54,0
DA:55,0
DA:57,0
DA:58,0
DA:59,0
DA:60,0
DA:61,0
DA:62,0
DA:63,0
DA:64,0
DA:65,0
DA:66,0
DA:67,0
DA:68,0
DA:69,0
DA:70,0
DA:71,0
DA:72,0
DA:73,0
DA:74,0
DA:75,0
DA:76,0
DA:77,0
DA:78,0
DA:79,0
DA:80,66
DA:81,66
DA:82,66
DA:83,66
DA:84,66
DA:85,66
DA:86,0
DA:87,66
BRDA:26,0,0,0
BRDA:26,0,1,66
BRDA:32,0,0,0
BRDA:32,0,1,66
BRDA:35,0,0,-
BRDA:35,0,1,-
BRDA:39,0,0,-
BRDA:39,0,1,-
BRDA:40,0,0,-
BRDA:40,0,1,-
BRDA:40,1,2,-
BRDA:40,1,3,-
BRDA:41,0,0,-
BRDA:41,0,1,-
BRDA:42,0,0,-
BRDA:42,0,1,-
BRDA:43,0,0,-
BRDA:43,0,1,-
BRDA:47,0,0,-
BRDA:47,0,1,-
BRDA:48,0,0,-
BRDA:48,0,1,-
BRDA:49,0,0,-
BRDA:49,0,1,-
BRDA:58,0,0,-
BRDA:58,0,1,-
BRDA:59,0,0,-
BRDA:59,0,1,-
BRDA:62,0,0,-
BRDA:62,0,1,-
BRDA:64,0,0,-
BRDA:64,0,1,-
BRDA:68,0,0,-
BRDA:68,0,1,-
BRDA:80,0,0,66
BRDA:80,0,1,0
BRDA:81,0,0,0
BRDA:81,0,1,66
BRF:38
BRH:4
LF:63
LH:14
end_of_record
SF:/home/patrice/CI/Projects/efibootguard/env/env_disk_utils.c
FN:24,get_mountpoint
FN:47,mount_partition
FN:79,unmount_partition
FNDA:0,get_mountpoint
FNDA:0,mount_partition
FNDA:0,unmount_partition
FNF:3
FNH:0
DA:24,0
DA:25,0
DA:26,0
DA:27,0
DA:29,0
DA:30,0
DA:31,0
DA:32,0
DA:34,0
DA:35,0
DA:36,0
DA:37,0
DA:38,0
DA:39,0
DA:40,0
DA:41,0
DA:43,0
DA:44,0
DA:47,0
DA:48,0
DA:49,0
DA:50,0
DA:51,0
DA:52,0
DA:53,0
DA:54,0
DA:55,0
DA:56,0
DA:57,0
DA:58,0
DA:59,0
DA:60,0
DA:61,0
DA:62,0
DA:63,0
DA:64,0
DA:65,0
DA:66,0
DA:67,0
DA:68,0
DA:69,0
DA:70,0
DA:71,0
DA:72,0
DA:73,0
DA:74,0
DA:75,0
DA:76,0
DA:79,0
DA:80,0
DA:81,0
DA:82,0
DA:83,0
DA:84,0
DA:85,0
DA:86,0
DA:87,0
DA:88,0
DA:89,0
DA:90,0
DA:91,0
DA:92,0
DA:93,0
DA:94,0
DA:95,0
DA:96,0
BRDA:30,0,0,-
BRDA:30,0,1,-
BRDA:34,0,0,-
BRDA:34,0,1,-
BRDA:35,0,0,-
BRDA:35,0,1,-
BRDA:36,0,0,-
BRDA:36,0,1,-
BRDA:51,0,0,-
BRDA:51,0,1,-
BRDA:54,0,0,-
BRDA:54,0,1,-
BRDA:57,0,0,-
BRDA:57,0,1,-
BRDA:58,0,0,-
BRDA:58,0,1,-
BRDA:61,0,0,-
BRDA:61,0,1,-
BRDA:62,0,0,-
BRDA:62,0,1,-
BRDA:63,0,0,-
BRDA:63,0,1,-
BRDA:64,0,0,-
BRDA:64,0,1,-
BRDA:70,0,0,-
BRDA:70,0,1,-
BRDA:71,0,0,-
BRDA:71,0,1,-
BRDA:80,0,0,-
BRDA:80,0,1,-
BRDA:83,0,0,-
BRDA:83,0,1,-
BRDA:86,0,0,-
BRDA:86,0,1,-
BRDA:87,0,0,-
BRDA:87,0,1,-
BRDA:90,0,0,-
BRDA:90,0,1,-
BRDA:91,0,0,-
BRDA:91,0,1,-
BRF:40
BRH:0
LF:66
LH:0
end_of_record
SF:/home/patrice/CI/Projects/efibootguard/env/uservars.c
FN:21,bgenv_map_uservar
FN:77,bgenv_serialize_uservar
FN:100,bgenv_get_uservar
FN:129,bgenv_set_uservar
FN:161,bgenv_find_uservar
FN:179,bgenv_next_uservar
FN:188,bgenv_uservar_alloc
FN:212,bgenv_uservar_realloc
FN:238,bgenv_del_uservar
FN:258,bgenv_user_free
FNDA:0,bgenv_map_uservar
FNDA:0,bgenv_serialize_uservar
FNDA:0,bgenv_get_uservar
FNDA:0,bgenv_set_uservar
FNDA:0,bgenv_find_uservar
FNDA:0,bgenv_next_uservar
FNDA:0,bgenv_uservar_alloc
FNDA:0,bgenv_uservar_realloc
FNDA:0,bgenv_del_uservar
FNDA:0,bgenv_user_free
FNF:10
FNH:0
DA:21,0
DA:38,0
DA:39,0
DA:40,0
DA:41,0
DA:44,0
DA:45,0
DA:46,0
DA:47,0
DA:50,0
DA:53,0
DA:54,0
DA:55,0
DA:58,0
DA:59,0
DA:60,0
DA:61,0
DA:64,0
DA:65,0
DA:66,0
DA:67,0
DA:69,0
DA:70,0
DA:71,0
DA:72,0
DA:73,0
DA:77,0
DA:78,0
DA:81,0
DA:82,0
DA:85,0
DA:86,0
DA:87,0
DA:90,0
DA:91,0
DA:94,0
DA:95,0
DA:96,0
DA:100,0
DA:101,0
DA:102,0
DA:103,0
DA:104,0
DA:106,0
DA:108,0
DA:109,0
DA:110,0
DA:112,0
DA:114,0
DA:115,0
DA:116,0
DA:118,0
DA:120,0
DA:121,0
DA:122,0
DA:124,0
DA:125,0
DA:129,0
DA:130,0
DA:131,0
DA:133,0
DA:134,0
DA:136,0
DA:137,0
DA:138,0
DA:139,0
DA:140,0
DA:141,0
DA:143,0
DA:144,0
DA:145,0
DA:146,0
DA:147,0
DA:148,0
DA:149,0
DA:150,0
DA:151,0
DA:152,0
DA:153,0
DA:155,0
DA:157,0
DA:158,0
DA:161,0
DA:162,0
DA:164,0
DA:165,0
DA:166,0
DA:167,0
DA:168,0
DA:170,0
DA:171,0
DA:172,0
DA:173,0
DA:174,0
DA:175,0
DA:176,0
DA:179,0
DA:180,0
DA:182,0
DA:184,0
DA:185,0
DA:188,0
DA:189,0
DA:191,0
DA:192,0
DA:193,0
DA:194,0
DA:195,0
DA:196,0
DA:197,0
DA:202,0
DA:203,0
DA:204,0
DA:205,0
DA:207,0
DA:208,0
DA:212,0
DA:213,0
DA:214,0
DA:216,0
DA:220,0
DA:221,0
DA:222,0
DA:225,0
DA:227,0
DA:229,0
DA:230,0
DA:231,0
DA:232,0
DA:234,0
DA:235,0
DA:238,0
DA:239,0
DA:240,0
DA:243,0
DA:246,0
DA:248,0
DA:249,0
DA:250,0
DA:252,0
DA:254,0
DA:255,0
DA:258,0
DA:259,0
DA:260,0
DA:262,0
DA:264,0
DA:265,0
DA:266,0
DA:267,0
DA:268,0
DA:269,0
DA:271,0
DA:272,0
DA:273,0
DA:274,0
DA:275,0
DA:276,0
DA:277,0
DA:278,0
DA:280,0
DA:281,0
BRDA:45,0,0,-
BRDA:45,0,1,-
BRDA:53,0,0,-
BRDA:53,0,1,-
BRDA:59,0,0,-
BRDA:59,0,1,-
BRDA:64,0,0,-
BRDA:64,0,1,-
BRDA:70,0,0,-
BRDA:70,0,1,-
BRDA:108,0,0,-
BRDA:108,0,1,-
BRDA:114,0,0,-
BRDA:114,0,1,-
BRDA:120,0,0,-
BRDA:120,0,1,-
BRDA:137,0,0,-
BRDA:137,0,1,-
BRDA:138,0,0,-
BRDA:138,0,1,-
BRDA:145,0,0,-
BRDA:145,0,1,-
BRDA:151,0,0,-
BRDA:151,0,1,-
BRDA:164,0,0,-
BRDA:164,0,1,-
BRDA:167,0,0,-
BRDA:167,0,1,-
BRDA:170,0,0,-
BRDA:170,0,1,-
BRDA:191,0,0,-
BRDA:191,0,1,-
BRDA:196,0,0,-
BRDA:196,0,1,-
BRDA:202,0,0,-
BRDA:202,0,1,-
BRDA:220,0,0,-
BRDA:220,0,1,-
BRDA:229,0,0,-
BRDA:229,0,1,-
BRDA:264,0,0,-
BRDA:264,0,1,-
BRDA:267,0,0,-
BRDA:267,0,1,-
BRDA:271,0,0,-
BRDA:271,0,1,-
BRDA:274,0,0,-
BRDA:274,0,1,-
BRF:48
BRH:0
LF:162
LH:0
end_of_record
SF:/home/patrice/CI/Projects/efibootguard/fuzztest.cpp
FN:18,fuzztest.cpp:_ZL30LLVMFuzzerTestOneInputNoReturnPKhm
FNDA:529,fuzztest.cpp:_ZL30LLVMFuzzerTestOneInputNoReturnPKhm
FNF:1
FNH:1
DA:16,17
DA:18,529
DA:19,529
DA:21,529
DA:22,529
DA:23,529
DA:24,529
DA:26,529
DA:27,529
DA:28,529
DA:29,529
DA:30,529
DA:31,529
DA:33,529
DA:34,529
DA:36,1361
DA:37,833
DA:38,833
DA:39,355
DA:40,355
DA:41,355
DA:42,48
DA:43,48
DA:44,48
DA:45,52
DA:46,52
DA:47,52
DA:48,18
DA:49,18
DA:50,18
DA:51,31
DA:52,31
DA:53,31
DA:54,31
DA:55,31
DA:56,31
DA:57,47
DA:58,47
DA:59,47
DA:60,59
DA:61,59
DA:62,59
DA:63,16
DA:64,16
DA:65,16
DA:66,122
DA:67,122
DA:68,122
DA:69,31
DA:70,31
DA:71,31
DA:72,12
DA:73,12
DA:74,12
DA:75,17
DA:76,17
DA:77,17
DA:78,25
DA:79,25
DA:80,25
DA:81,833
DA:83,833
DA:85,529
BRDA:36,0,0,833
BRDA:36,0,1,528
BRDA:38,0,0,0
BRDA:38,0,1,833
BRDA:39,0,0,355
BRDA:39,0,1,478
BRDA:42,0,0,48
BRDA:42,0,1,785
BRDA:45,0,0,52
BRDA:45,0,1,781
BRDA:48,0,0,18
BRDA:48,0,1,815
BRDA:51,0,0,31
BRDA:51,0,1,802
BRDA:57,0,0,47
BRDA:57,0,1,786
BRDA:60,0,0,59
BRDA:60,0,1,774
BRDA:63,0,0,16
BRDA:63,0,1,817
BRDA:66,0,0,122
BRDA:66,0,1,711
BRDA:69,0,0,31
BRDA:69,0,1,802
BRDA:72,0,0,12
BRDA:72,0,1,821
BRDA:75,0,0,17
BRDA:75,0,1,816
BRDA:78,0,0,25
BRDA:78,0,1,808
BRF:30
BRH:29
LF:62
LH:62
end_of_record
SF:/home/patrice/CI/Projects/efibootguard/include/ebgenv.h
FNF:0
FNH:0
DA:24,0
DA:25,0
DA:32,355
DA:34,0
DA:35,355
BRF:0
BRH:0
LF:0
LH:0
end_of_record
SF:/home/patrice/CI/Projects/efibootguard/include/ebgpart.h
FNF:0
FNH:0
DA:33,198
DA:47,66
DA:48,66
DA:50,0
DA:52,0
DA:53,0
DA:54,0
DA:55,0
DA:56,0
DA:57,0
DA:58,0
DA:59,0
DA:60,0
DA:62,0
DA:63,0
BRF:0
BRH:0
LF:0
LH:0
end_of_record
SF:/home/patrice/CI/Projects/efibootguard/include/env_api.h
FNF:0
FNH:0
DA:40,0
DA:41,0
DA:44,0
DA:49,132
DA:50,132
BRF:0
BRH:0
LF:0
LH:0
end_of_record
SF:/home/patrice/CI/Projects/efibootguard/include/envdata.h
FNF:0
FNH:0
DA:20,0
DA:21,52
DA:23,19
DA:24,0
DA:26,2011
DA:27,122
DA:32,1952
BRF:0
BRH:0
LF:0
LH:0
end_of_record
SF:/home/patrice/CI/Projects/efibootguard/stubs/include/config.h
FNF:0
FNH:0
DA:2,3683
DA:3,0
BRF:0
BRH:0
LF:0
LH:0
end_of_record
SF:/home/patrice/CI/Projects/efibootguard/stubs/src/mocks.c
FN:3,crc32
FNDA:0,crc32
FNF:1
FNH:0
DA:3,0
BRF:0
BRH:0
LF:1
LH:0
end_of_record
SF:/home/patrice/CI/Projects/efibootguard/tools/ebgpart.c
FN:29,ebgpart_beverbose
FN:432,ped_device_probe_all
FN:530,ped_device_get_next
FN:551,ped_disk_new
FN:558,ped_disk_next_partition
FN:414,ebgpart.c:get_major_minor
FN:380,ebgpart.c:scan_devdir
FN:268,ebgpart.c:check_partition_table
FN:153,ebgpart.c:read_GPT_entries
FN:47,ebgpart.c:GUID_to_str
FN:77,ebgpart.c:check_GPT_FAT_entry
FN:209,ebgpart.c:scanLogicalVolumes
FN:57,ebgpart.c:type_to_name
FN:34,ebgpart.c:add_block_dev
FN:513,ebgpart.c:ped_device_destroy
FN:501,ebgpart.c:ped_partition_destroy
FNDA:0,ebgpart_beverbose
FNDA:66,ped_device_probe_all
FNDA:66,ped_device_get_next
FNDA:0,ped_disk_new
FNDA:0,ped_disk_next_partition
FNDA:66,ebgpart.c:get_major_minor
FNDA:0,ebgpart.c:scan_devdir
FNDA:66,ebgpart.c:check_partition_table
FNDA:0,ebgpart.c:read_GPT_entries
FNDA:0,ebgpart.c:GUID_to_str
FNDA:0,ebgpart.c:check_GPT_FAT_entry
FNDA:0,ebgpart.c:scanLogicalVolumes
FNDA:0,ebgpart.c:type_to_name
FNDA:0,ebgpart.c:add_block_dev
FNDA:0,ebgpart.c:ped_device_destroy
FNDA:0,ebgpart.c:ped_partition_destroy
FNF:16
FNH:4
DA:29,0
DA:30,0
DA:31,0
DA:34,0
DA:35,0
DA:36,0
DA:37,0
DA:38,0
DA:39,0
DA:40,0
DA:41,0
DA:42,0
DA:43,0
DA:44,0
DA:47,0
DA:48,0
DA:49,0
DA:50,0
DA:51,0
DA:52,0
DA:53,0
DA:54,0
DA:57,0
DA:58,0
DA:59,0
DA:60,0
DA:61,0
DA:62,0
DA:63,0
DA:64,0
DA:65,0
DA:66,0
DA:67,0
DA:68,0
DA:69,0
DA:70,0
DA:71,0
DA:72,0
DA:73,0
DA:77,0
DA:78,0
DA:79,0
DA:80,0
DA:81,0
DA:82,0
DA:83,0
DA:84,0
DA:85,0
DA:86,0
DA:87,0
DA:88,0
DA:90,0
DA:91,0
DA:92,0
DA:93,0
DA:94,0
DA:95,0
DA:97,0
DA:98,0
DA:99,0
DA:100,0
DA:101,0
DA:102,0
DA:103,0
DA:104,0
DA:105,0
DA:106,0
DA:107,0
DA:108,0
DA:109,0
DA:110,0
DA:111,0
DA:113,0
DA:114,0
DA:115,0
DA:116,0
DA:117,0
DA:118,0
DA:119,0
DA:120,0
DA:121,0
DA:122,0
DA:123,0
DA:124,0
DA:125,0
DA:126,0
DA:127,0
DA:128,0
DA:129,0
DA:130,0
DA:131,0
DA:132,0
DA:133,0
DA:134,0
DA:135,0
DA:136,0
DA:137,0
DA:138,0
DA:139,0
DA:140,0
DA:141,0
DA:142,0
DA:143,0
DA:144,0
DA:146,0
DA:147,0
DA:148,0
DA:149,0
DA:153,0
DA:154,0
DA:155,0
DA:156,0
DA:157,0
DA:159,0
DA:160,0
DA:161,0
DA:162,0
DA:163,0
DA:165,0
DA:167,0
DA:168,0
DA:169,0
DA:170,0
DA:171,0
DA:172,0
DA:173,0
DA:174,0
DA:175,0
DA:176,0
DA:177,0
DA:178,0
DA:179,0
DA:180,0
DA:181,0
DA:182,0
DA:184,0
DA:185,0
DA:186,0
DA:187,0
DA:188,0
DA:189,0
DA:190,0
DA:191,0
DA:193,0
DA:194,0
DA:195,0
DA:196,0
DA:197,0
DA:198,0
DA:199,0
DA:201,0
DA:202,0
DA:203,0
DA:204,0
DA:209,0
DA:210,0
DA:211,0
DA:213,0
DA:214,0
DA:215,0
DA:216,0
DA:217,0
DA:218,0
DA:219,0
DA:220,0
DA:221,0
DA:222,0
DA:223,0
DA:224,0
DA:225,0
DA:226,0
DA:227,0
DA:228,0
DA:229,0
DA:230,0
DA:231,0
DA:232,0
DA:234,0
DA:235,0
DA:236,0
DA:237,0
DA:238,0
DA:239,0
DA:240,0
DA:241,0
DA:242,0
DA:243,0
DA:244,0
DA:245,0
DA:246,0
DA:247,0
DA:248,0
DA:249,0
DA:250,0
DA:251,0
DA:252,0
DA:253,0
DA:254,0
DA:255,0
DA:256,0
DA:257,0
DA:258,0
DA:259,0
DA:260,0
DA:261,0
DA:262,0
DA:263,0
DA:264,0
DA:265,0
DA:268,66
DA:269,66
DA:270,66
DA:272,66
DA:273,66
DA:274,66
DA:275,66
DA:276,66
DA:277,66
DA:278,0
DA:279,0
DA:280,0
DA:281,0
DA:282,0
DA:283,0
DA:284,0
DA:285,0
DA:286,0
DA:287,0
DA:288,0
DA:289,0
DA:290,0
DA:291,0
DA:292,0
DA:293,0
DA:294,0
DA:295,0
DA:296,0
DA:297,0
DA:298,0
DA:299,0
DA:300,0
DA:301,0
DA:302,0
DA:303,0
DA:304,0
DA:305,0
DA:306,0
DA:307,0
DA:308,0
DA:309,0
DA:310,0
DA:311,0
DA:312,0
DA:313,0
DA:314,0
DA:315,0
DA:316,0
DA:317,0
DA:318,0
DA:319,0
DA:320,0
DA:321,0
DA:322,0
DA:323,0
DA:324,0
DA:325,0
DA:326,0
DA:327,0
DA:328,0
DA:329,0
DA:330,0
DA:331,0
DA:332,0
DA:333,0
DA:334,0
DA:335,0
DA:337,0
DA:338,0
DA:339,0
DA:340,0
DA:342,0
DA:343,0
DA:345,0
DA:346,0
DA:348,0
DA:349,0
DA:350,0
DA:351,0
DA:352,0
DA:355,0
DA:356,0
DA:357,0
DA:358,0
DA:359,0
DA:360,0
DA:361,0
DA:362,0
DA:363,0
DA:364,0
DA:365,0
DA:366,0
DA:367,0
DA:368,0
DA:369,0
DA:370,0
DA:371,0
DA:372,0
DA:373,0
DA:374,0
DA:375,0
DA:376,0
DA:380,0
DA:381,0
DA:383,0
DA:384,0
DA:385,0
DA:386,0
DA:387,0
DA:388,0
DA:389,0
DA:390,0
DA:391,0
DA:392,0
DA:393,0
DA:394,0
DA:395,0
DA:396,0
DA:397,0
DA:398,0
DA:399,0
DA:400,0
DA:401,0
DA:402,0
DA:403,0
DA:404,0
DA:405,0
DA:406,0
DA:407,0
DA:408,0
DA:410,0
DA:411,0
DA:414,66
DA:415,66
DA:416,66
DA:417,0
DA:418,0
DA:419,0
DA:420,66
DA:421,66
DA:422,66
DA:423,0
DA:424,0
DA:425,0
DA:426,0
DA:427,66
DA:428,66
DA:429,66
DA:432,66
DA:433,66
DA:434,66
DA:436,66
DA:437,66
DA:438,0
DA:439,0
DA:440,0
DA:443,264
DA:444,264
DA:445,264
DA:446,66
DA:447,66
DA:448,198
DA:449,198
DA:450,132
DA:451,132
DA:452,66
DA:453,66
DA:455,66
DA:456,66
DA:457,0
DA:458,0
DA:459,66
DA:460,66
DA:461,66
DA:463,66
DA:464,66
DA:465,66
DA:466,66
DA:469,0
DA:470,0
DA:471,0
DA:472,0
DA:473,0
DA:475,66
DA:476,66
DA:477,0
DA:478,0
DA:479,66
DA:480,0
DA:481,0
DA:482,0
DA:483,66
DA:484,0
DA:485,0
DA:486,0
DA:487,66
DA:488,0
DA:489,0
DA:490,0
DA:491,66
DA:492,66
DA:493,66
DA:494,66
DA:495,198
DA:497,66
DA:498,66
DA:501,0
DA:502,0
DA:503,0
DA:504,0
DA:505,0
DA:506,0
DA:507,0
DA:508,0
DA:509,0
DA:510,0
DA:513,0
DA:514,0
DA:515,0
DA:516,0
DA:517,0
DA:518,0
DA:519,0
DA:520,0
DA:521,0
DA:523,0
DA:524,0
DA:525,0
DA:526,0
DA:527,0
DA:530,66
DA:531,66
DA:532,66
DA:533,66
DA:534,0
DA:535,0
DA:536,0
DA:538,0
DA:540,0
DA:541,0
DA:543,0
DA:544,0
DA:545,0
DA:546,0
DA:547,0
DA:548,0
DA:551,0
DA:552,0
DA:553,0
DA:554,0
DA:558,0
DA:559,0
DA:560,0
BRDA:35,0,0,-
BRDA:35,0,1,-
BRDA:40,0,0,-
BRDA:40,0,1,-
BRDA:58,0,0,-
BRDA:58,0,1,-
BRDA:59,0,0,-
BRDA:59,0,1,-
BRDA:61,0,0,-
BRDA:61,0,1,-
BRDA:62,0,0,-
BRDA:62,0,1,-
BRDA:63,0,0,-
BRDA:63,0,1,-
BRDA:65,0,0,-
BRDA:65,0,1,-
BRDA:66,0,0,-
BRDA:66,0,1,-
BRDA:68,0,0,-
BRDA:68,0,1,-
BRDA:69,0,0,-
BRDA:69,0,1,-
BRDA:79,0,0,-
BRDA:79,0,1,-
BRDA:80,0,0,-
BRDA:80,0,1,-
BRDA:81,0,0,-
BRDA:81,0,1,-
BRDA:84,0,0,-
BRDA:84,0,1,-
BRDA:88,0,0,-
BRDA:88,0,1,-
BRDA:91,0,0,-
BRDA:91,0,1,-
BRDA:92,0,0,-
BRDA:92,0,1,-
BRDA:98,0,0,-
BRDA:98,0,1,-
BRDA:99,0,0,-
BRDA:99,0,1,-
BRDA:104,0,0,-
BRDA:104,0,1,-
BRDA:105,0,0,-
BRDA:105,0,1,-
BRDA:110,0,0,-
BRDA:110,0,1,-
BRDA:111,0,0,-
BRDA:111,0,1,-
BRDA:114,0,0,-
BRDA:114,0,1,-
BRDA:115,0,0,-
BRDA:115,0,1,-
BRDA:119,0,0,-
BRDA:119,0,1,-
BRDA:120,0,0,-
BRDA:120,0,1,-
BRDA:125,0,0,-
BRDA:125,0,1,-
BRDA:126,0,0,-
BRDA:126,0,1,-
BRDA:129,0,0,-
BRDA:129,0,1,-
BRDA:130,0,0,-
BRDA:130,0,1,-
BRDA:134,0,0,-
BRDA:134,0,1,-
BRDA:138,0,0,-
BRDA:138,0,1,-
BRDA:139,0,0,-
BRDA:139,0,1,-
BRDA:140,0,0,-
BRDA:140,0,1,-
BRDA:147,0,0,-
BRDA:147,0,1,-
BRDA:160,0,0,-
BRDA:160,0,1,-
BRDA:161,0,0,-
BRDA:161,0,1,-
BRDA:167,0,0,-
BRDA:167,0,1,-
BRDA:168,0,0,-
BRDA:168,0,1,-
BRDA:169,0,0,-
BRDA:169,0,1,-
BRDA:170,0,0,-
BRDA:170,0,1,-
BRDA:173,0,0,-
BRDA:173,0,1,-
BRDA:174,0,0,-
BRDA:174,0,1,-
BRDA:177,0,0,-
BRDA:177,0,1,-
BRDA:179,0,0,-
BRDA:179,0,1,-
BRDA:180,0,0,-
BRDA:180,0,1,-
BRDA:185,0,0,-
BRDA:185,0,1,-
BRDA:186,0,0,-
BRDA:186,0,1,-
BRDA:193,0,0,-
BRDA:193,0,1,-
BRDA:214,0,0,-
BRDA:214,0,1,-
BRDA:217,0,0,-
BRDA:217,0,1,-
BRDA:219,0,0,-
BRDA:219,0,1,-
BRDA:220,0,0,-
BRDA:220,0,1,-
BRDA:223,0,0,-
BRDA:223,0,1,-
BRDA:224,0,0,-
BRDA:224,0,1,-
BRDA:225,0,0,-
BRDA:225,0,1,-
BRDA:229,0,0,-
BRDA:229,0,1,-
BRDA:230,0,0,-
BRDA:230,0,1,-
BRDA:234,0,0,-
BRDA:234,0,1,-
BRDA:236,0,0,-
BRDA:236,0,1,-
BRDA:239,0,0,-
BRDA:239,0,1,-
BRDA:239,1,2,-
BRDA:239,1,3,-
BRDA:240,0,0,-
BRDA:240,0,1,-
BRDA:246,0,0,-
BRDA:246,0,1,-
BRDA:250,0,0,-
BRDA:250,0,1,-
BRDA:253,0,0,-
BRDA:253,0,1,-
BRDA:262,0,0,-
BRDA:262,0,1,-
BRDA:272,0,0,0
BRDA:272,0,1,66
BRDA:274,0,0,66
BRDA:274,0,1,0
BRDA:275,0,0,0
BRDA:275,0,1,66
BRDA:278,0,0,-
BRDA:278,0,1,-
BRDA:279,0,0,-
BRDA:279,0,1,-
BRDA:284,0,0,-
BRDA:284,0,1,-
BRDA:285,0,0,-
BRDA:285,0,1,-
BRDA:292,0,0,-
BRDA:292,0,1,-
BRDA:293,0,0,-
BRDA:293,0,1,-
BRDA:297,0,0,-
BRDA:297,0,1,-
BRDA:300,0,0,-
BRDA:300,0,1,-
BRDA:301,0,0,-
BRDA:301,0,1,-
BRDA:305,0,0,-
BRDA:305,0,1,-
BRDA:306,0,0,-
BRDA:306,0,1,-
BRDA:307,0,0,-
BRDA:307,0,1,-
BRDA:312,0,0,-
BRDA:312,0,1,-
BRDA:315,0,0,-
BRDA:315,0,1,-
BRDA:316,0,0,-
BRDA:316,0,1,-
BRDA:319,0,0,-
BRDA:319,0,1,-
BRDA:324,0,0,-
BRDA:324,0,1,-
BRDA:326,0,0,-
BRDA:326,0,1,-
BRDA:333,0,0,-
BRDA:333,0,1,-
BRDA:338,0,0,-
BRDA:338,0,1,-
BRDA:348,0,0,-
BRDA:348,0,1,-
BRDA:348,1,2,-
BRDA:348,1,3,-
BRDA:349,0,0,-
BRDA:349,0,1,-
BRDA:355,0,0,-
BRDA:355,0,1,-
BRDA:359,0,0,-
BRDA:359,0,1,-
BRDA:366,0,0,-
BRDA:366,0,1,-
BRDA:372,0,0,-
BRDA:372,0,1,-
BRDA:384,0,0,-
BRDA:384,0,1,-
BRDA:385,0,0,-
BRDA:385,0,1,-
BRDA:391,0,0,-
BRDA:391,0,1,-
BRDA:397,0,0,-
BRDA:397,0,1,-
BRDA:398,0,0,-
BRDA:398,0,1,-
BRDA:401,0,0,-
BRDA:401,0,1,-
BRDA:402,0,0,-
BRDA:402,0,1,-
BRDA:403,0,0,-
BRDA:403,0,1,-
BRDA:407,0,0,-
BRDA:407,0,1,-
BRDA:416,0,0,0
BRDA:416,0,1,66
BRDA:417,0,0,-
BRDA:417,0,1,-
BRDA:422,0,0,0
BRDA:422,0,1,66
BRDA:423,0,0,-
BRDA:423,0,1,-
BRDA:437,0,0,0
BRDA:437,0,1,66
BRDA:438,0,0,-
BRDA:438,0,1,-
BRDA:445,0,0,66
BRDA:445,0,1,198
BRDA:448,0,0,66
BRDA:448,0,1,132
BRDA:449,0,0,66
BRDA:449,0,1,66
BRDA:456,0,0,0
BRDA:456,0,1,66
BRDA:459,0,0,0
BRDA:459,0,1,66
BRDA:466,0,0,0
BRDA:466,0,1,66
BRDA:469,0,0,-
BRDA:469,0,1,-
BRDA:476,0,0,0
BRDA:476,0,1,66
BRDA:479,0,0,0
BRDA:479,0,1,66
BRDA:483,0,0,0
BRDA:483,0,1,66
BRDA:487,0,0,0
BRDA:487,0,1,66
BRDA:495,0,0,198
BRDA:495,0,1,0
BRDA:502,0,0,-
BRDA:502,0,1,-
BRDA:505,0,0,-
BRDA:505,0,1,-
BRDA:514,0,0,-
BRDA:514,0,1,-
BRDA:520,0,0,-
BRDA:520,0,1,-
BRDA:531,0,0,66
BRDA:531,0,1,0
BRDA:534,0,0,-
BRDA:534,0,1,-
BRDA:540,0,0,-
BRDA:540,0,1,-
BRF:266
BRH:21
LF:462
LH:59
end_of_record
